{
"/home/ivan-rodriguez/Documentos/composr-connector/src/composr-connector.js":{"path":"/home/ivan-rodriguez/Documentos/composr-connector/src/composr-connector.js","s":{"1":1,"2":1,"3":1,"4":4,"5":0,"6":4,"7":0,"8":1,"9":1,"10":1,"11":1,"12":1,"13":1,"14":1,"15":1,"16":1,"17":1,"18":1,"19":0,"20":1,"21":3},"b":{"1":[0,4],"2":[3,0],"3":[3,3]},"f":{"1":4,"2":0,"3":1,"4":1,"5":1,"6":0,"7":3},"fnMap":{"1":{"name":"(anonymous_1)","line":9,"loc":{"start":{"line":1,"column":-15},"end":{"line":1,"column":-15}}},"2":{"name":"get","line":13,"loc":{"start":{"line":0,"column":0},"end":{"line":0,"column":0},"skip":true},"skip":true},"3":{"name":"get","line":23,"loc":{"start":{"line":0,"column":0},"end":{"line":0,"column":0},"skip":true},"skip":true},"4":{"name":"get","line":32,"loc":{"start":{"line":0,"column":0},"end":{"line":0,"column":0},"skip":true},"skip":true},"5":{"name":"get","line":41,"loc":{"start":{"line":0,"column":0},"end":{"line":0,"column":0},"skip":true},"skip":true},"6":{"name":"get","line":50,"loc":{"start":{"line":0,"column":0},"end":{"line":0,"column":0},"skip":true},"skip":true},"7":{"name":"_interopRequireDefault","line":55,"loc":{"start":{"line":0,"column":0},"end":{"line":0,"column":0},"skip":true},"skip":true}},"statementMap":{"1":{"start":{"line":0,"column":0},"end":{"line":0,"column":0},"skip":true},"2":{"start":{"line":0,"column":0},"end":{"line":0,"column":0},"skip":true},"3":{"start":{"line":0,"column":0},"end":{"line":0,"column":0},"skip":true},"4":{"start":{"line":0,"column":0},"end":{"line":0,"column":0},"skip":true},"5":{"start":{"line":0,"column":0},"end":{"line":0,"column":0},"skip":true},"6":{"start":{"line":0,"column":0},"end":{"line":0,"column":0},"skip":true},"7":{"start":{"line":0,"column":0},"end":{"line":0,"column":0},"skip":true},"8":{"start":{"line":0,"column":0},"end":{"line":0,"column":0},"skip":true},"9":{"start":{"line":0,"column":0},"end":{"line":0,"column":0},"skip":true},"10":{"start":{"line":0,"column":0},"end":{"line":0,"column":0},"skip":true},"11":{"start":{"line":0,"column":0},"end":{"line":0,"column":0},"skip":true},"12":{"start":{"line":0,"column":0},"end":{"line":0,"column":0},"skip":true},"13":{"start":{"line":0,"column":0},"end":{"line":0,"column":0},"skip":true},"14":{"start":{"line":0,"column":0},"end":{"line":0,"column":0},"skip":true},"15":{"start":{"line":0,"column":0},"end":{"line":0,"column":0},"skip":true},"16":{"start":{"line":0,"column":0},"end":{"line":0,"column":0},"skip":true},"17":{"start":{"line":0,"column":0},"end":{"line":0,"column":0},"skip":true},"18":{"start":{"line":0,"column":0},"end":{"line":0,"column":0},"skip":true},"19":{"start":{"line":0,"column":0},"end":{"line":0,"column":0},"skip":true},"20":{"start":{"line":0,"column":0},"end":{"line":0,"column":0},"skip":true},"21":{"start":{"line":0,"column":0},"end":{"line":0,"column":0},"skip":true}},"branchMap":{"1":{"line":10,"type":"if","locations":[{"start":{"line":0,"column":0},"end":{"line":0,"column":0},"skip":true},{"start":{"line":0,"column":0},"end":{"line":0,"column":0},"skip":true}]},"2":{"line":55,"type":"cond-expr","locations":[{"start":{"line":0,"column":0},"end":{"line":0,"column":0},"skip":true},{"start":{"line":0,"column":0},"end":{"line":0,"column":0},"skip":true}]},"3":{"line":55,"type":"binary-expr","locations":[{"start":{"line":0,"column":0},"end":{"line":0,"column":0},"skip":true},{"start":{"line":0,"column":0},"end":{"line":0,"column":0},"skip":true}]}},"l":{"0":4}},
"/home/ivan-rodriguez/Documentos/composr-connector/src/utils/utils.js":{"path":"/home/ivan-rodriguez/Documentos/composr-connector/src/utils/utils.js","s":{"1":1,"2":1,"3":1,"4":1,"5":1,"6":1,"7":1,"8":1,"9":1,"10":1,"11":0,"12":0,"13":0,"14":0,"15":0,"16":0,"17":0,"18":1,"19":0,"20":1,"21":0,"22":0,"23":0,"24":0,"25":0,"26":0,"27":1,"28":0,"29":0,"30":0,"31":0,"32":0,"33":0,"34":1},"b":{"1":[1,0],"2":[1,1],"3":[0,0],"4":[0,0],"5":[0,0],"6":[0,0]},"f":{"1":1,"2":0,"3":0,"4":0,"5":0},"fnMap":{"1":{"name":"_interopRequireWildcard","line":15,"loc":{"start":{"line":0,"column":0},"end":{"line":0,"column":0},"skip":true},"skip":true},"2":{"name":"buildURI","line":17,"loc":{"start":{"line":3,"column":7},"end":{"line":3,"column":34}}},"3":{"name":"checkStatus","line":21,"loc":{"start":{"line":7,"column":7},"end":{"line":7,"column":38}}},"4":{"name":"generateUUID","line":32,"loc":{"start":{"line":19,"column":7},"end":{"line":19,"column":31}}},"5":{"name":"(anonymous_5)","line":34,"loc":{"start":{"line":21,"column":69},"end":{"line":21,"column":81}}}},"statementMap":{"1":{"start":{"line":0,"column":0},"end":{"line":0,"column":0},"skip":true},"2":{"start":{"line":0,"column":0},"end":{"line":0,"column":0},"skip":true},"3":{"start":{"line":0,"column":0},"end":{"line":0,"column":0},"skip":true},"4":{"start":{"line":0,"column":0},"end":{"line":0,"column":0},"skip":true},"5":{"start":{"line":0,"column":0},"end":{"line":0,"column":0},"skip":true},"6":{"start":{"line":1,"column":-15},"end":{"line":1,"column":-15}},"7":{"start":{"line":0,"column":0},"end":{"line":0,"column":0},"skip":true},"8":{"start":{"line":0,"column":0},"end":{"line":0,"column":0},"skip":true},"9":{"start":{"line":0,"column":0},"end":{"line":0,"column":0},"skip":true},"10":{"start":{"line":0,"column":0},"end":{"line":0,"column":0},"skip":true},"11":{"start":{"line":0,"column":0},"end":{"line":0,"column":0},"skip":true},"12":{"start":{"line":0,"column":0},"end":{"line":0,"column":0},"skip":true},"13":{"start":{"line":0,"column":0},"end":{"line":0,"column":0},"skip":true},"14":{"start":{"line":0,"column":0},"end":{"line":0,"column":0},"skip":true},"15":{"start":{"line":0,"column":0},"end":{"line":0,"column":0},"skip":true},"16":{"start":{"line":0,"column":0},"end":{"line":0,"column":0},"skip":true},"17":{"start":{"line":0,"column":0},"end":{"line":0,"column":0},"skip":true},"18":{"start":{"line":3,"column":7},"end":{"line":3,"column":7}},"19":{"start":{"line":4,"column":2},"end":{"line":3,"column":34}},"20":{"start":{"line":7,"column":7},"end":{"line":7,"column":7}},"21":{"start":{"line":8,"column":2},"end":{"line":8,"column":2}},"22":{"start":{"line":9,"column":4},"end":{"line":8,"column":19}},"23":{"start":{"line":12,"column":2},"end":{"line":7,"column":38}},"24":{"start":{"line":13,"column":2},"end":{"line":7,"column":38}},"25":{"start":{"line":14,"column":2},"end":{"line":7,"column":38}},"26":{"start":{"line":15,"column":2},"end":{"line":7,"column":38}},"27":{"start":{"line":19,"column":7},"end":{"line":19,"column":7}},"28":{"start":{"line":20,"column":2},"end":{"line":19,"column":31}},"29":{"start":{"line":21,"column":2},"end":{"line":19,"column":31}},"30":{"start":{"line":22,"column":4},"end":{"line":21,"column":81}},"31":{"start":{"line":23,"column":4},"end":{"line":21,"column":81}},"32":{"start":{"line":24,"column":4},"end":{"line":21,"column":81}},"33":{"start":{"line":26,"column":2},"end":{"line":19,"column":31}},"34":{"start":{"line":0,"column":0},"end":{"line":0,"column":0},"skip":true}},"branchMap":{"1":{"line":15,"type":"if","locations":[{"start":{"line":0,"column":0},"end":{"line":0,"column":0},"skip":true},{"start":{"line":0,"column":0},"end":{"line":0,"column":0},"skip":true}]},"2":{"line":15,"type":"binary-expr","locations":[{"start":{"line":0,"column":0},"end":{"line":0,"column":0},"skip":true},{"start":{"line":0,"column":0},"end":{"line":0,"column":0},"skip":true}]},"3":{"line":15,"type":"if","locations":[{"start":{"line":0,"column":0},"end":{"line":0,"column":0},"skip":true},{"start":{"line":0,"column":0},"end":{"line":0,"column":0},"skip":true}]},"4":{"line":15,"type":"if","locations":[{"start":{"line":0,"column":0},"end":{"line":0,"column":0},"skip":true},{"start":{"line":0,"column":0},"end":{"line":0,"column":0},"skip":true}]},"5":{"line":22,"type":"if","locations":[{"start":{"line":8,"column":2},"end":{"line":8,"column":2}},{"start":{"line":8,"column":2},"end":{"line":8,"column":2}}]},"6":{"line":37,"type":"cond-expr","locations":[{"start":{"line":24,"column":23},"end":{"line":24,"column":12}},{"start":{"line":24,"column":28},"end":{"line":24,"column":28}}]}},"l":{"0":1,"1":1,"3":1,"4":0,"7":1,"8":0,"9":0,"12":0,"13":0,"14":0,"15":0,"19":1,"20":0,"21":0,"22":0,"23":0,"24":0,"26":0}},
"/home/ivan-rodriguez/Documentos/composr-connector/src/utils/jwt.js":{"path":"/home/ivan-rodriguez/Documentos/composr-connector/src/utils/jwt.js","s":{"1":1,"2":1,"3":1,"4":1,"5":1,"6":1,"7":1,"8":1,"9":0,"10":0,"11":0,"12":0,"13":0,"14":0,"15":0,"16":1,"17":1,"18":1,"19":1,"20":1,"21":0,"22":0,"23":0,"24":0,"25":0,"26":0,"27":0,"28":1,"29":0,"30":0,"31":0,"32":0,"33":0,"34":0,"35":0,"36":0,"37":0,"38":0,"39":0,"40":0,"41":0,"42":0,"43":1,"44":0,"45":0,"46":0,"47":0,"48":0,"49":0,"50":0,"51":0,"52":0,"53":0,"54":0,"55":0,"56":0,"57":0,"58":1,"59":0},"b":{"1":[1,0],"2":[1,1],"3":[0,0],"4":[0,0],"5":[0,0],"6":[0,0],"7":[0,0],"8":[0,0],"9":[0,0],"10":[0,0],"11":[0,0],"12":[0,0],"13":[0,0],"14":[0,0],"15":[0,0]},"f":{"1":1,"2":0,"3":0,"4":0,"5":0,"6":0,"7":0},"fnMap":{"1":{"name":"_interopRequireWildcard","line":13,"loc":{"start":{"line":0,"column":0},"end":{"line":0,"column":0},"skip":true},"skip":true},"2":{"name":"generate","line":35,"loc":{"start":{"line":23,"column":7},"end":{"line":23,"column":46}}},"3":{"name":"decode","line":49,"loc":{"start":{"line":37,"column":7},"end":{"line":37,"column":34}}},"4":{"name":"(anonymous_4)","line":71,"loc":{"start":{"line":59,"column":34},"end":{"line":59,"column":48}}},"5":{"name":"_generate","line":78,"loc":{"start":{"line":66,"column":0},"end":{"line":66,"column":40}}},"6":{"name":"(anonymous_6)","line":85,"loc":{"start":{"line":87,"column":21},"end":{"line":87,"column":35}}},"7":{"name":"_generateExp","line":108,"loc":{"start":{"line":110,"column":0},"end":{"line":110,"column":24}}}},"statementMap":{"1":{"start":{"line":0,"column":0},"end":{"line":0,"column":0},"skip":true},"2":{"start":{"line":0,"column":0},"end":{"line":0,"column":0},"skip":true},"3":{"start":{"line":0,"column":0},"end":{"line":0,"column":0},"skip":true},"4":{"start":{"line":1,"column":-15},"end":{"line":1,"column":-15}},"5":{"start":{"line":0,"column":0},"end":{"line":0,"column":0},"skip":true},"6":{"start":{"line":0,"column":0},"end":{"line":0,"column":0},"skip":true},"7":{"start":{"line":0,"column":0},"end":{"line":0,"column":0},"skip":true},"8":{"start":{"line":0,"column":0},"end":{"line":0,"column":0},"skip":true},"9":{"start":{"line":0,"column":0},"end":{"line":0,"column":0},"skip":true},"10":{"start":{"line":0,"column":0},"end":{"line":0,"column":0},"skip":true},"11":{"start":{"line":0,"column":0},"end":{"line":0,"column":0},"skip":true},"12":{"start":{"line":0,"column":0},"end":{"line":0,"column":0},"skip":true},"13":{"start":{"line":0,"column":0},"end":{"line":0,"column":0},"skip":true},"14":{"start":{"line":0,"column":0},"end":{"line":0,"column":0},"skip":true},"15":{"start":{"line":0,"column":0},"end":{"line":0,"column":0},"skip":true},"16":{"start":{"line":9,"column":0},"end":{"line":9,"column":6}},"17":{"start":{"line":10,"column":0},"end":{"line":10,"column":6}},"18":{"start":{"line":11,"column":0},"end":{"line":11,"column":6}},"19":{"start":{"line":12,"column":0},"end":{"line":12,"column":6}},"20":{"start":{"line":23,"column":7},"end":{"line":23,"column":7}},"21":{"start":{"line":24,"column":2},"end":{"line":23,"column":46}},"22":{"start":{"line":25,"column":2},"end":{"line":23,"column":46}},"23":{"start":{"line":27,"column":2},"end":{"line":27,"column":2}},"24":{"start":{"line":28,"column":4},"end":{"line":27,"column":19}},"25":{"start":{"line":30,"column":2},"end":{"line":30,"column":2}},"26":{"start":{"line":31,"column":4},"end":{"line":30,"column":19}},"27":{"start":{"line":34,"column":2},"end":{"line":23,"column":46}},"28":{"start":{"line":37,"column":7},"end":{"line":37,"column":7}},"29":{"start":{"line":38,"column":2},"end":{"line":37,"column":34}},"30":{"start":{"line":40,"column":2},"end":{"line":42,"column":4}},"31":{"start":{"line":41,"column":4},"end":{"line":40,"column":6}},"32":{"start":{"line":43,"column":4},"end":{"line":42,"column":14}},"33":{"start":{"line":46,"column":2},"end":{"line":48,"column":4}},"34":{"start":{"line":47,"column":4},"end":{"line":46,"column":6}},"35":{"start":{"line":49,"column":4},"end":{"line":48,"column":14}},"36":{"start":{"line":52,"column":2},"end":{"line":52,"column":2}},"37":{"start":{"line":53,"column":4},"end":{"line":52,"column":34}},"38":{"start":{"line":56,"column":2},"end":{"line":37,"column":34}},"39":{"start":{"line":57,"column":2},"end":{"line":37,"column":34}},"40":{"start":{"line":59,"column":2},"end":{"line":37,"column":34}},"41":{"start":{"line":60,"column":4},"end":{"line":59,"column":48}},"42":{"start":{"line":63,"column":2},"end":{"line":37,"column":34}},"43":{"start":{"line":66,"column":0},"end":{"line":66,"column":0}},"44":{"start":{"line":67,"column":2},"end":{"line":67,"column":8}},"45":{"start":{"line":66,"column":40},"end":{"line":66,"column":40}},"46":{"start":{"line":86,"column":2},"end":{"line":66,"column":40}},"47":{"start":{"line":87,"column":2},"end":{"line":66,"column":40}},"48":{"start":{"line":88,"column":4},"end":{"line":88,"column":4}},"49":{"start":{"line":89,"column":6},"end":{"line":88,"column":21}},"50":{"start":{"line":93,"column":2},"end":{"line":66,"column":40}},"51":{"start":{"line":95,"column":2},"end":{"line":95,"column":2}},"52":{"start":{"line":96,"column":4},"end":{"line":95,"column":40}},"53":{"start":{"line":99,"column":2},"end":{"line":66,"column":40}},"54":{"start":{"line":103,"column":2},"end":{"line":66,"column":40}},"55":{"start":{"line":104,"column":2},"end":{"line":66,"column":40}},"56":{"start":{"line":105,"column":2},"end":{"line":66,"column":40}},"57":{"start":{"line":107,"column":2},"end":{"line":66,"column":40}},"58":{"start":{"line":110,"column":0},"end":{"line":110,"column":0}},"59":{"start":{"line":111,"column":2},"end":{"line":110,"column":24}}},"branchMap":{"1":{"line":13,"type":"if","locations":[{"start":{"line":0,"column":0},"end":{"line":0,"column":0},"skip":true},{"start":{"line":0,"column":0},"end":{"line":0,"column":0},"skip":true}]},"2":{"line":13,"type":"binary-expr","locations":[{"start":{"line":0,"column":0},"end":{"line":0,"column":0},"skip":true},{"start":{"line":0,"column":0},"end":{"line":0,"column":0},"skip":true}]},"3":{"line":13,"type":"if","locations":[{"start":{"line":0,"column":0},"end":{"line":0,"column":0},"skip":true},{"start":{"line":0,"column":0},"end":{"line":0,"column":0},"skip":true}]},"4":{"line":13,"type":"if","locations":[{"start":{"line":0,"column":0},"end":{"line":0,"column":0},"skip":true},{"start":{"line":0,"column":0},"end":{"line":0,"column":0},"skip":true}]},"5":{"line":36,"type":"binary-expr","locations":[{"start":{"line":24,"column":11},"end":{"line":24,"column":11}},{"start":{"line":24,"column":21},"end":{"line":24,"column":11}}]},"6":{"line":37,"type":"binary-expr","locations":[{"start":{"line":25,"column":15},"end":{"line":25,"column":15}},{"start":{"line":25,"column":29},"end":{"line":25,"column":15}}]},"7":{"line":39,"type":"if","locations":[{"start":{"line":27,"column":2},"end":{"line":27,"column":2}},{"start":{"line":27,"column":2},"end":{"line":27,"column":2}}]},"8":{"line":42,"type":"if","locations":[{"start":{"line":30,"column":2},"end":{"line":30,"column":2}},{"start":{"line":30,"column":2},"end":{"line":30,"column":2}}]},"9":{"line":64,"type":"if","locations":[{"start":{"line":52,"column":2},"end":{"line":52,"column":2}},{"start":{"line":52,"column":2},"end":{"line":52,"column":2}}]},"10":{"line":64,"type":"binary-expr","locations":[{"start":{"line":52,"column":6},"end":{"line":52,"column":6}},{"start":{"line":52,"column":21},"end":{"line":52,"column":21}}]},"11":{"line":68,"type":"binary-expr","locations":[{"start":{"line":56,"column":15},"end":{"line":56,"column":15}},{"start":{"line":56,"column":29},"end":{"line":56,"column":15}}]},"12":{"line":69,"type":"binary-expr","locations":[{"start":{"line":57,"column":15},"end":{"line":57,"column":15}},{"start":{"line":57,"column":29},"end":{"line":57,"column":15}}]},"13":{"line":79,"type":"binary-expr","locations":[{"start":{"line":67,"column":8},"end":{"line":67,"column":8}},{"start":{"line":67,"column":15},"end":{"line":67,"column":8}}]},"14":{"line":86,"type":"if","locations":[{"start":{"line":88,"column":4},"end":{"line":88,"column":4}},{"start":{"line":88,"column":4},"end":{"line":88,"column":4}}]},"15":{"line":93,"type":"if","locations":[{"start":{"line":95,"column":2},"end":{"line":95,"column":2}},{"start":{"line":95,"column":2},"end":{"line":95,"column":2}}]}},"l":{"0":1,"1":1,"9":1,"10":1,"11":1,"12":1,"23":1,"24":0,"25":0,"27":0,"28":0,"30":0,"31":0,"34":0,"37":1,"38":0,"40":0,"41":0,"43":0,"46":0,"47":0,"49":0,"52":0,"53":0,"56":0,"57":0,"59":0,"60":0,"63":0,"66":1,"67":0,"86":0,"87":0,"88":0,"89":0,"93":0,"95":0,"96":0,"99":0,"103":0,"104":0,"105":0,"107":0,"110":1,"111":0}},
"/home/ivan-rodriguez/Documentos/composr-connector/src/utils/cryptography.js":{"path":"/home/ivan-rodriguez/Documentos/composr-connector/src/utils/cryptography.js","s":{"1":1,"2":1,"3":1,"4":1,"5":1,"6":1,"7":1,"8":1,"9":1,"10":1,"11":1,"12":1,"13":1,"14":1,"15":1,"16":1,"17":1,"18":1,"19":1,"20":1,"21":1,"22":1,"23":0,"24":1,"25":0,"26":0,"27":0,"28":0,"29":0,"30":0,"31":0,"32":0,"33":0,"34":1,"35":0,"36":0,"37":0,"38":0,"39":0,"40":0,"41":0,"42":0,"43":0,"44":0,"45":0,"46":0,"47":0,"48":1,"49":0,"50":0,"51":0,"52":0,"53":0,"54":0,"55":0,"56":0,"57":0,"58":0,"59":0,"60":0,"61":0,"62":0,"63":0,"64":0,"65":0,"66":0,"67":1,"68":0,"69":0,"70":0,"71":0,"72":0,"73":0,"74":1,"75":0,"76":0,"77":0,"78":0,"79":1,"80":0,"81":1,"82":0,"83":1,"84":0,"85":1,"86":0,"87":1,"88":0,"89":1,"90":0,"91":1,"92":0,"93":1,"94":0,"95":1,"96":0,"97":0,"98":0,"99":0,"100":0,"101":0,"102":0,"103":0,"104":0,"105":0,"106":0,"107":0,"108":0,"109":0,"110":0,"111":0,"112":0,"113":0,"114":0,"115":0,"116":0,"117":0,"118":0,"119":0,"120":0,"121":0,"122":0,"123":0,"124":0,"125":0,"126":0,"127":0,"128":0,"129":0,"130":0,"131":0,"132":0,"133":0,"134":1,"135":0,"136":0,"137":0,"138":1,"139":1,"140":0,"141":0,"142":0,"143":0},"b":{"1":[0,0],"2":[0,0],"3":[0,0],"4":[0,0],"5":[0,0],"6":[0,0],"7":[0,0,0,0],"8":[0,0],"9":[0,0],"10":[0,0],"11":[0,0],"12":[0,0]},"f":{"1":0,"2":0,"3":0,"4":0,"5":0,"6":0,"7":0,"8":0,"9":0,"10":0,"11":0,"12":0,"13":0,"14":0,"15":0,"16":0,"17":0,"18":0},"fnMap":{"1":{"name":"b64_hmac_sha256","line":49,"loc":{"start":{"line":35,"column":7},"end":{"line":35,"column":38}}},"2":{"name":"rstr_hmac_sha256","line":56,"loc":{"start":{"line":42,"column":7},"end":{"line":42,"column":44}}},"3":{"name":"rstr2b64","line":76,"loc":{"start":{"line":62,"column":7},"end":{"line":62,"column":32}}},"4":{"name":"str2rstr_utf8","line":98,"loc":{"start":{"line":85,"column":7},"end":{"line":85,"column":37}}},"5":{"name":"rstr2binb","line":122,"loc":{"start":{"line":122,"column":7},"end":{"line":122,"column":33}}},"6":{"name":"binb2rstr","line":134,"loc":{"start":{"line":134,"column":7},"end":{"line":134,"column":33}}},"7":{"name":"sha256_S","line":144,"loc":{"start":{"line":144,"column":7},"end":{"line":144,"column":31}}},"8":{"name":"sha256_R","line":148,"loc":{"start":{"line":148,"column":7},"end":{"line":148,"column":31}}},"9":{"name":"sha256_Ch","line":152,"loc":{"start":{"line":152,"column":7},"end":{"line":152,"column":35}}},"10":{"name":"sha256_Maj","line":156,"loc":{"start":{"line":156,"column":0},"end":{"line":156,"column":29}}},"11":{"name":"sha256_Sigma0256","line":160,"loc":{"start":{"line":160,"column":7},"end":{"line":160,"column":36}}},"12":{"name":"sha256_Sigma1256","line":164,"loc":{"start":{"line":164,"column":7},"end":{"line":164,"column":36}}},"13":{"name":"sha256_Gamma0256","line":168,"loc":{"start":{"line":168,"column":7},"end":{"line":168,"column":36}}},"14":{"name":"sha256_Gamma1256","line":172,"loc":{"start":{"line":172,"column":7},"end":{"line":172,"column":36}}},"15":{"name":"binb_sha256","line":176,"loc":{"start":{"line":176,"column":7},"end":{"line":176,"column":34}}},"16":{"name":"safe_add","line":223,"loc":{"start":{"line":227,"column":7},"end":{"line":227,"column":31}}},"17":{"name":"Base64x","line":273,"loc":{"start":{"line":277,"column":7},"end":{"line":277,"column":26}}},"18":{"name":"b64tob64u","line":283,"loc":{"start":{"line":287,"column":7},"end":{"line":287,"column":29}}}},"statementMap":{"1":{"start":{"line":0,"column":0},"end":{"line":0,"column":0},"skip":true},"2":{"start":{"line":0,"column":0},"end":{"line":0,"column":0},"skip":true},"3":{"start":{"line":0,"column":0},"end":{"line":0,"column":0},"skip":true},"4":{"start":{"line":0,"column":0},"end":{"line":0,"column":0},"skip":true},"5":{"start":{"line":0,"column":0},"end":{"line":0,"column":0},"skip":true},"6":{"start":{"line":0,"column":0},"end":{"line":0,"column":0},"skip":true},"7":{"start":{"line":0,"column":0},"end":{"line":0,"column":0},"skip":true},"8":{"start":{"line":0,"column":0},"end":{"line":0,"column":0},"skip":true},"9":{"start":{"line":0,"column":0},"end":{"line":0,"column":0},"skip":true},"10":{"start":{"line":0,"column":0},"end":{"line":0,"column":0},"skip":true},"11":{"start":{"line":0,"column":0},"end":{"line":0,"column":0},"skip":true},"12":{"start":{"line":0,"column":0},"end":{"line":0,"column":0},"skip":true},"13":{"start":{"line":0,"column":0},"end":{"line":0,"column":0},"skip":true},"14":{"start":{"line":0,"column":0},"end":{"line":0,"column":0},"skip":true},"15":{"start":{"line":0,"column":0},"end":{"line":0,"column":0},"skip":true},"16":{"start":{"line":0,"column":0},"end":{"line":0,"column":0},"skip":true},"17":{"start":{"line":0,"column":0},"end":{"line":0,"column":0},"skip":true},"18":{"start":{"line":0,"column":0},"end":{"line":0,"column":0},"skip":true},"19":{"start":{"line":20,"column":0},"end":{"line":20,"column":4}},"20":{"start":{"line":21,"column":0},"end":{"line":21,"column":4}},"21":{"start":{"line":25,"column":0},"end":{"line":25,"column":4}},"22":{"start":{"line":35,"column":7},"end":{"line":35,"column":7}},"23":{"start":{"line":36,"column":2},"end":{"line":35,"column":38}},"24":{"start":{"line":42,"column":7},"end":{"line":42,"column":7}},"25":{"start":{"line":43,"column":2},"end":{"line":42,"column":44}},"26":{"start":{"line":44,"column":2},"end":{"line":44,"column":2}},"27":{"start":{"line":45,"column":4},"end":{"line":44,"column":24}},"28":{"start":{"line":48,"column":2},"end":{"line":42,"column":44}},"29":{"start":{"line":50,"column":2},"end":{"line":50,"column":2}},"30":{"start":{"line":51,"column":4},"end":{"line":50,"column":31}},"31":{"start":{"line":52,"column":4},"end":{"line":50,"column":31}},"32":{"start":{"line":55,"column":2},"end":{"line":42,"column":44}},"33":{"start":{"line":56,"column":2},"end":{"line":42,"column":44}},"34":{"start":{"line":62,"column":7},"end":{"line":62,"column":7}},"35":{"start":{"line":63,"column":2},"end":{"line":65,"column":4}},"36":{"start":{"line":64,"column":4},"end":{"line":63,"column":6}},"37":{"start":{"line":66,"column":4},"end":{"line":65,"column":14}},"38":{"start":{"line":68,"column":2},"end":{"line":62,"column":32}},"39":{"start":{"line":69,"column":2},"end":{"line":62,"column":32}},"40":{"start":{"line":70,"column":2},"end":{"line":62,"column":32}},"41":{"start":{"line":71,"column":2},"end":{"line":71,"column":2}},"42":{"start":{"line":72,"column":4},"end":{"line":71,"column":35}},"43":{"start":{"line":73,"column":4},"end":{"line":73,"column":4}},"44":{"start":{"line":74,"column":6},"end":{"line":74,"column":6}},"45":{"start":{"line":74,"column":44},"end":{"line":74,"column":6}},"46":{"start":{"line":75,"column":11},"end":{"line":74,"column":6}},"47":{"start":{"line":78,"column":2},"end":{"line":62,"column":32}},"48":{"start":{"line":85,"column":7},"end":{"line":85,"column":7}},"49":{"start":{"line":86,"column":2},"end":{"line":85,"column":37}},"50":{"start":{"line":87,"column":2},"end":{"line":85,"column":37}},"51":{"start":{"line":88,"column":2},"end":{"line":85,"column":37}},"52":{"start":{"line":90,"column":2},"end":{"line":90,"column":2}},"53":{"start":{"line":92,"column":4},"end":{"line":90,"column":29}},"54":{"start":{"line":93,"column":4},"end":{"line":90,"column":29}},"55":{"start":{"line":94,"column":4},"end":{"line":94,"column":4}},"56":{"start":{"line":95,"column":6},"end":{"line":94,"column":66}},"57":{"start":{"line":96,"column":6},"end":{"line":94,"column":66}},"58":{"start":{"line":90,"column":29},"end":{"line":109,"column":9}},"59":{"start":{"line":101,"column":6},"end":{"line":100,"column":4}},"60":{"start":{"line":102,"column":9},"end":{"line":109,"column":9}},"61":{"start":{"line":103,"column":6},"end":{"line":102,"column":9}},"62":{"start":{"line":105,"column":9},"end":{"line":109,"column":9}},"63":{"start":{"line":106,"column":6},"end":{"line":105,"column":9}},"64":{"start":{"line":109,"column":9},"end":{"line":109,"column":9}},"65":{"start":{"line":110,"column":6},"end":{"line":109,"column":9}},"66":{"start":{"line":115,"column":2},"end":{"line":85,"column":37}},"67":{"start":{"line":122,"column":7},"end":{"line":122,"column":7}},"68":{"start":{"line":123,"column":2},"end":{"line":122,"column":33}},"69":{"start":{"line":124,"column":2},"end":{"line":124,"column":2}},"70":{"start":{"line":125,"column":4},"end":{"line":125,"column":4}},"71":{"start":{"line":124,"column":2},"end":{"line":126,"column":2}},"72":{"start":{"line":127,"column":4},"end":{"line":127,"column":64}},"73":{"start":{"line":126,"column":2},"end":{"line":122,"column":33}},"74":{"start":{"line":134,"column":7},"end":{"line":134,"column":7}},"75":{"start":{"line":135,"column":2},"end":{"line":134,"column":33}},"76":{"start":{"line":136,"column":2},"end":{"line":136,"column":2}},"77":{"start":{"line":137,"column":4},"end":{"line":137,"column":4}},"78":{"start":{"line":136,"column":2},"end":{"line":134,"column":33}},"79":{"start":{"line":144,"column":7},"end":{"line":144,"column":7}},"80":{"start":{"line":145,"column":2},"end":{"line":144,"column":31}},"81":{"start":{"line":148,"column":7},"end":{"line":148,"column":7}},"82":{"start":{"line":149,"column":2},"end":{"line":148,"column":31}},"83":{"start":{"line":152,"column":7},"end":{"line":152,"column":7}},"84":{"start":{"line":153,"column":2},"end":{"line":152,"column":35}},"85":{"start":{"line":156,"column":0},"end":{"line":156,"column":0}},"86":{"start":{"line":157,"column":2},"end":{"line":156,"column":29}},"87":{"start":{"line":160,"column":7},"end":{"line":160,"column":7}},"88":{"start":{"line":161,"column":2},"end":{"line":160,"column":36}},"89":{"start":{"line":164,"column":7},"end":{"line":164,"column":7}},"90":{"start":{"line":165,"column":2},"end":{"line":164,"column":36}},"91":{"start":{"line":168,"column":7},"end":{"line":168,"column":7}},"92":{"start":{"line":169,"column":2},"end":{"line":168,"column":36}},"93":{"start":{"line":172,"column":7},"end":{"line":172,"column":7}},"94":{"start":{"line":173,"column":2},"end":{"line":172,"column":36}},"95":{"start":{"line":176,"column":7},"end":{"line":176,"column":7}},"96":{"start":{"line":177,"column":2},"end":{"line":176,"column":34}},"97":{"start":{"line":179,"column":2},"end":{"line":176,"column":34}},"98":{"start":{"line":180,"column":2},"end":{"line":176,"column":34}},"99":{"start":{"line":181,"column":2},"end":{"line":181,"column":2}},"100":{"start":{"line":176,"column":34},"end":{"line":176,"column":34}},"101":{"start":{"line":185,"column":2},"end":{"line":176,"column":34}},"102":{"start":{"line":187,"column":2},"end":{"line":187,"column":2}},"103":{"start":{"line":188,"column":4},"end":{"line":187,"column":37}},"104":{"start":{"line":189,"column":4},"end":{"line":187,"column":37}},"105":{"start":{"line":190,"column":4},"end":{"line":187,"column":37}},"106":{"start":{"line":191,"column":4},"end":{"line":187,"column":37}},"107":{"start":{"line":192,"column":4},"end":{"line":187,"column":37}},"108":{"start":{"line":193,"column":4},"end":{"line":187,"column":37}},"109":{"start":{"line":194,"column":4},"end":{"line":187,"column":37}},"110":{"start":{"line":195,"column":4},"end":{"line":187,"column":37}},"111":{"start":{"line":197,"column":4},"end":{"line":197,"column":4}},"112":{"start":{"line":198,"column":6},"end":{"line":198,"column":6}},"113":{"start":{"line":198,"column":18},"end":{"line":198,"column":6}},"114":{"start":{"line":199,"column":11},"end":{"line":198,"column":6}},"115":{"start":{"line":202,"column":6},"end":{"line":197,"column":29}},"116":{"start":{"line":204,"column":6},"end":{"line":197,"column":29}},"117":{"start":{"line":205,"column":6},"end":{"line":197,"column":29}},"118":{"start":{"line":206,"column":6},"end":{"line":197,"column":29}},"119":{"start":{"line":207,"column":6},"end":{"line":197,"column":29}},"120":{"start":{"line":208,"column":6},"end":{"line":197,"column":29}},"121":{"start":{"line":209,"column":6},"end":{"line":197,"column":29}},"122":{"start":{"line":210,"column":6},"end":{"line":197,"column":29}},"123":{"start":{"line":211,"column":6},"end":{"line":197,"column":29}},"124":{"start":{"line":212,"column":6},"end":{"line":197,"column":29}},"125":{"start":{"line":215,"column":4},"end":{"line":187,"column":37}},"126":{"start":{"line":216,"column":4},"end":{"line":187,"column":37}},"127":{"start":{"line":217,"column":4},"end":{"line":187,"column":37}},"128":{"start":{"line":218,"column":4},"end":{"line":187,"column":37}},"129":{"start":{"line":219,"column":4},"end":{"line":187,"column":37}},"130":{"start":{"line":220,"column":4},"end":{"line":187,"column":37}},"131":{"start":{"line":221,"column":4},"end":{"line":187,"column":37}},"132":{"start":{"line":222,"column":4},"end":{"line":187,"column":37}},"133":{"start":{"line":224,"column":2},"end":{"line":176,"column":34}},"134":{"start":{"line":227,"column":7},"end":{"line":227,"column":7}},"135":{"start":{"line":228,"column":2},"end":{"line":227,"column":31}},"136":{"start":{"line":229,"column":2},"end":{"line":227,"column":31}},"137":{"start":{"line":230,"column":2},"end":{"line":227,"column":31}},"138":{"start":{"line":277,"column":7},"end":{"line":277,"column":7}},"139":{"start":{"line":287,"column":7},"end":{"line":287,"column":7}},"140":{"start":{"line":288,"column":2},"end":{"line":287,"column":29}},"141":{"start":{"line":289,"column":2},"end":{"line":287,"column":29}},"142":{"start":{"line":290,"column":2},"end":{"line":287,"column":29}},"143":{"start":{"line":291,"column":2},"end":{"line":287,"column":29}}},"branchMap":{"1":{"line":58,"type":"if","locations":[{"start":{"line":44,"column":2},"end":{"line":44,"column":2}},{"start":{"line":44,"column":2},"end":{"line":44,"column":2}}]},"2":{"line":86,"type":"cond-expr","locations":[{"start":{"line":72,"column":63},"end":{"line":72,"column":63}},{"start":{"line":72,"column":94},"end":{"line":72,"column":49}}]},"3":{"line":86,"type":"cond-expr","locations":[{"start":{"line":72,"column":114},"end":{"line":72,"column":100}},{"start":{"line":72,"column":140},"end":{"line":72,"column":100}}]},"4":{"line":88,"type":"if","locations":[{"start":{"line":74,"column":6},"end":{"line":74,"column":6}},{"start":{"line":74,"column":6},"end":{"line":74,"column":6}}]},"5":{"line":106,"type":"cond-expr","locations":[{"start":{"line":93,"column":31},"end":{"line":93,"column":8}},{"start":{"line":93,"column":57},"end":{"line":93,"column":8}}]},"6":{"line":107,"type":"if","locations":[{"start":{"line":94,"column":4},"end":{"line":94,"column":4}},{"start":{"line":94,"column":4},"end":{"line":94,"column":4}}]},"7":{"line":107,"type":"binary-expr","locations":[{"start":{"line":94,"column":8},"end":{"line":94,"column":8}},{"start":{"line":94,"column":23},"end":{"line":94,"column":23}},{"start":{"line":94,"column":38},"end":{"line":94,"column":38}},{"start":{"line":94,"column":53},"end":{"line":94,"column":53}}]},"8":{"line":113,"type":"if","locations":[{"start":{"line":90,"column":29},"end":{"line":90,"column":29}},{"start":{"line":90,"column":29},"end":{"line":90,"column":29}}]},"9":{"line":113,"type":"if","locations":[{"start":{"line":102,"column":9},"end":{"line":102,"column":9}},{"start":{"line":102,"column":9},"end":{"line":102,"column":9}}]},"10":{"line":113,"type":"if","locations":[{"start":{"line":105,"column":9},"end":{"line":105,"column":9}},{"start":{"line":105,"column":9},"end":{"line":105,"column":9}}]},"11":{"line":113,"type":"if","locations":[{"start":{"line":109,"column":9},"end":{"line":109,"column":9}},{"start":{"line":109,"column":9},"end":{"line":109,"column":9}}]},"12":{"line":197,"type":"if","locations":[{"start":{"line":198,"column":6},"end":{"line":198,"column":6}},{"start":{"line":198,"column":6},"end":{"line":198,"column":6}}]}},"l":{"0":1,"20":1,"21":1,"25":1,"35":1,"36":0,"42":1,"43":0,"44":0,"45":0,"48":0,"50":0,"51":0,"52":0,"55":0,"56":0,"62":1,"63":0,"64":0,"66":0,"68":0,"69":0,"70":0,"71":0,"72":0,"73":0,"74":0,"75":0,"78":0,"85":1,"86":0,"87":0,"88":0,"90":0,"92":0,"93":0,"94":0,"95":0,"96":0,"101":0,"102":0,"103":0,"105":0,"106":0,"109":0,"110":0,"115":0,"122":1,"123":0,"124":0,"125":0,"126":0,"127":0,"134":1,"135":0,"136":0,"137":0,"144":1,"145":0,"148":1,"149":0,"152":1,"153":0,"156":1,"157":0,"160":1,"161":0,"164":1,"165":0,"168":1,"169":0,"172":1,"173":0,"176":1,"177":0,"179":0,"180":0,"181":0,"185":0,"187":0,"188":0,"189":0,"190":0,"191":0,"192":0,"193":0,"194":0,"195":0,"197":0,"198":0,"199":0,"202":0,"204":0,"205":0,"206":0,"207":0,"208":0,"209":0,"210":0,"211":0,"212":0,"215":0,"216":0,"217":0,"218":0,"219":0,"220":0,"221":0,"222":0,"224":0,"227":1,"228":0,"229":0,"230":0,"277":1,"287":1,"288":0,"289":0,"290":0,"291":0}},
"/home/ivan-rodriguez/Documentos/composr-connector/src/auth/AuthRequest.js":{"path":"/home/ivan-rodriguez/Documentos/composr-connector/src/auth/AuthRequest.js","s":{"1":1,"2":1,"3":1,"4":1,"5":7,"6":7,"7":7,"8":7,"9":7,"10":7,"11":1,"12":1,"13":1,"14":1,"15":0,"16":1,"17":1,"18":1,"19":1,"20":1,"21":1,"22":0,"23":0,"24":0,"25":0,"26":0,"27":0,"28":0,"29":1,"30":1,"31":0,"32":1,"33":0,"34":0,"35":1,"36":1,"37":1,"38":1,"39":1,"40":0,"41":0,"42":0,"43":0,"44":0,"45":0,"46":0,"47":0,"48":0,"49":0,"50":0,"51":0,"52":0,"53":0,"54":0,"55":0,"56":0,"57":0,"58":0,"59":0,"60":0,"61":0,"62":0,"63":0,"64":0,"65":0,"66":0,"67":0,"68":0,"69":0,"70":0,"71":0,"72":0,"73":0,"74":0,"75":0,"76":0,"77":0,"78":0,"79":0,"80":0,"81":0,"82":0,"83":0,"84":0,"85":0,"86":0,"87":0,"88":0,"89":0,"90":0,"91":0,"92":0,"93":0,"94":0,"95":1,"96":1},"b":{"1":[7,7],"2":[7,0],"3":[1,0],"4":[0,1],"5":[1,0],"6":[1,1],"7":[0,0],"8":[0,0],"9":[0,1],"10":[0,1],"11":[1,0],"12":[0,0],"13":[0,0],"14":[0,0],"15":[0,0],"16":[0,0],"17":[0,0]},"f":{"1":1,"2":1,"3":1,"4":1,"5":1,"6":1,"7":1,"8":0,"9":0,"10":0,"11":0,"12":0,"13":0,"14":0},"fnMap":{"1":{"name":"(anonymous_1)","line":7,"loc":{"start":{"line":0,"column":0},"end":{"line":0,"column":0},"skip":true},"skip":true},"2":{"name":"defineProperties","line":7,"loc":{"start":{"line":0,"column":0},"end":{"line":0,"column":0},"skip":true},"skip":true},"3":{"name":"(anonymous_3)","line":7,"loc":{"start":{"line":0,"column":0},"end":{"line":0,"column":0},"skip":true},"skip":true},"4":{"name":"_interopRequireWildcard","line":13,"loc":{"start":{"line":0,"column":0},"end":{"line":0,"column":0},"skip":true},"skip":true},"5":{"name":"_classCallCheck","line":15,"loc":{"start":{"line":0,"column":0},"end":{"line":0,"column":0},"skip":true},"skip":true},"6":{"name":"(anonymous_6)","line":25,"loc":{"start":{"line":12,"column":6},"end":{"line":12,"column":6}}},"7":{"name":"AuthRequest","line":26,"loc":{"start":{"line":13,"column":2},"end":{"line":13,"column":26}}},"8":{"name":"_createClaims","line":49,"loc":{"start":{"line":0,"column":0},"end":{"line":0,"column":0},"skip":true},"skip":true},"9":{"name":"_generateAssertion","line":78,"loc":{"start":{"line":0,"column":0},"end":{"line":0,"column":0},"skip":true},"skip":true},"10":{"name":"_authenticate","line":94,"loc":{"start":{"line":0,"column":0},"end":{"line":0,"column":0},"skip":true},"skip":true},"11":{"name":"authenticateClient","line":140,"loc":{"start":{"line":0,"column":0},"end":{"line":0,"column":0},"skip":true},"skip":true},"12":{"name":"authenticateUser","line":157,"loc":{"start":{"line":0,"column":0},"end":{"line":0,"column":0},"skip":true},"skip":true},"13":{"name":"refreshUserToken","line":186,"loc":{"start":{"line":0,"column":0},"end":{"line":0,"column":0},"skip":true},"skip":true},"14":{"name":"logoutUser","line":211,"loc":{"start":{"line":0,"column":0},"end":{"line":0,"column":0},"skip":true},"skip":true}},"statementMap":{"1":{"start":{"line":0,"column":0},"end":{"line":0,"column":0},"skip":true},"2":{"start":{"line":0,"column":0},"end":{"line":0,"column":0},"skip":true},"3":{"start":{"line":0,"column":0},"end":{"line":0,"column":0},"skip":true},"4":{"start":{"line":0,"column":0},"end":{"line":0,"column":0},"skip":true},"5":{"start":{"line":0,"column":0},"end":{"line":0,"column":0},"skip":true},"6":{"start":{"line":0,"column":0},"end":{"line":0,"column":0},"skip":true},"7":{"start":{"line":0,"column":0},"end":{"line":0,"column":0},"skip":true},"8":{"start":{"line":0,"column":0},"end":{"line":0,"column":0},"skip":true},"9":{"start":{"line":0,"column":0},"end":{"line":0,"column":0},"skip":true},"10":{"start":{"line":0,"column":0},"end":{"line":0,"column":0},"skip":true},"11":{"start":{"line":0,"column":0},"end":{"line":0,"column":0},"skip":true},"12":{"start":{"line":0,"column":0},"end":{"line":0,"column":0},"skip":true},"13":{"start":{"line":0,"column":0},"end":{"line":0,"column":0},"skip":true},"14":{"start":{"line":0,"column":0},"end":{"line":0,"column":0},"skip":true},"15":{"start":{"line":0,"column":0},"end":{"line":0,"column":0},"skip":true},"16":{"start":{"line":0,"column":0},"end":{"line":0,"column":0},"skip":true},"17":{"start":{"line":1,"column":-15},"end":{"line":1,"column":-15}},"18":{"start":{"line":0,"column":0},"end":{"line":0,"column":0},"skip":true},"19":{"start":{"line":0,"column":0},"end":{"line":0,"column":0},"skip":true},"20":{"start":{"line":0,"column":0},"end":{"line":0,"column":0},"skip":true},"21":{"start":{"line":0,"column":0},"end":{"line":0,"column":0},"skip":true},"22":{"start":{"line":0,"column":0},"end":{"line":0,"column":0},"skip":true},"23":{"start":{"line":0,"column":0},"end":{"line":0,"column":0},"skip":true},"24":{"start":{"line":0,"column":0},"end":{"line":0,"column":0},"skip":true},"25":{"start":{"line":0,"column":0},"end":{"line":0,"column":0},"skip":true},"26":{"start":{"line":0,"column":0},"end":{"line":0,"column":0},"skip":true},"27":{"start":{"line":0,"column":0},"end":{"line":0,"column":0},"skip":true},"28":{"start":{"line":0,"column":0},"end":{"line":0,"column":0},"skip":true},"29":{"start":{"line":0,"column":0},"end":{"line":0,"column":0},"skip":true},"30":{"start":{"line":0,"column":0},"end":{"line":0,"column":0},"skip":true},"31":{"start":{"line":0,"column":0},"end":{"line":0,"column":0},"skip":true},"32":{"start":{"line":3,"column":0},"end":{"line":3,"column":0}},"33":{"start":{"line":6,"column":2},"end":{"line":3,"column":25}},"34":{"start":{"line":9,"column":2},"end":{"line":3,"column":25}},"35":{"start":{"line":0,"column":0},"end":{"line":0,"column":0},"skip":true},"36":{"start":{"line":13,"column":2},"end":{"line":13,"column":2}},"37":{"start":{"line":0,"column":0},"end":{"line":0,"column":0},"skip":true},"38":{"start":{"line":15,"column":4},"end":{"line":13,"column":26}},"39":{"start":{"line":0,"column":0},"end":{"line":0,"column":0},"skip":true},"40":{"start":{"line":0,"column":0},"end":{"line":0,"column":0},"skip":true},"41":{"start":{"line":0,"column":0},"end":{"line":0,"column":0},"skip":true},"42":{"start":{"line":0,"column":0},"end":{"line":0,"column":0},"skip":true},"43":{"start":{"line":0,"column":0},"end":{"line":0,"column":0},"skip":true},"44":{"start":{"line":0,"column":0},"end":{"line":0,"column":0},"skip":true},"45":{"start":{"line":32,"column":4},"end":{"line":30,"column":33}},"46":{"start":{"line":38,"column":4},"end":{"line":30,"column":33}},"47":{"start":{"line":39,"column":4},"end":{"line":30,"column":33}},"48":{"start":{"line":41,"column":4},"end":{"line":30,"column":33}},"49":{"start":{"line":52,"column":4},"end":{"line":51,"column":43}},"50":{"start":{"line":0,"column":0},"end":{"line":0,"column":0},"skip":true},"51":{"start":{"line":0,"column":0},"end":{"line":0,"column":0},"skip":true},"52":{"start":{"line":0,"column":0},"end":{"line":0,"column":0},"skip":true},"53":{"start":{"line":0,"column":0},"end":{"line":0,"column":0},"skip":true},"54":{"start":{"line":0,"column":0},"end":{"line":0,"column":0},"skip":true},"55":{"start":{"line":66,"column":4},"end":{"line":64,"column":43}},"56":{"start":{"line":67,"column":4},"end":{"line":64,"column":43}},"57":{"start":{"line":68,"column":4},"end":{"line":64,"column":43}},"58":{"start":{"line":71,"column":4},"end":{"line":64,"column":43}},"59":{"start":{"line":76,"column":4},"end":{"line":64,"column":43}},"60":{"start":{"line":77,"column":4},"end":{"line":64,"column":43}},"61":{"start":{"line":79,"column":4},"end":{"line":64,"column":43}},"62":{"start":{"line":81,"column":4},"end":{"line":64,"column":43}},"63":{"start":{"line":90,"column":4},"end":{"line":64,"column":43}},"64":{"start":{"line":103,"column":4},"end":{"line":102,"column":23}},"65":{"start":{"line":105,"column":4},"end":{"line":102,"column":23}},"66":{"start":{"line":107,"column":4},"end":{"line":102,"column":23}},"67":{"start":{"line":0,"column":0},"end":{"line":0,"column":0},"skip":true},"68":{"start":{"line":0,"column":0},"end":{"line":0,"column":0},"skip":true},"69":{"start":{"line":0,"column":0},"end":{"line":0,"column":0},"skip":true},"70":{"start":{"line":0,"column":0},"end":{"line":0,"column":0},"skip":true},"71":{"start":{"line":0,"column":0},"end":{"line":0,"column":0},"skip":true},"72":{"start":{"line":0,"column":0},"end":{"line":0,"column":0},"skip":true},"73":{"start":{"line":117,"column":4},"end":{"line":116,"column":85}},"74":{"start":{"line":122,"column":4},"end":{"line":116,"column":85}},"75":{"start":{"line":124,"column":4},"end":{"line":116,"column":85}},"76":{"start":{"line":126,"column":4},"end":{"line":116,"column":85}},"77":{"start":{"line":0,"column":0},"end":{"line":0,"column":0},"skip":true},"78":{"start":{"line":0,"column":0},"end":{"line":0,"column":0},"skip":true},"79":{"start":{"line":0,"column":0},"end":{"line":0,"column":0},"skip":true},"80":{"start":{"line":0,"column":0},"end":{"line":0,"column":0},"skip":true},"81":{"start":{"line":0,"column":0},"end":{"line":0,"column":0},"skip":true},"82":{"start":{"line":136,"column":4},"end":{"line":135,"column":82}},"83":{"start":{"line":140,"column":4},"end":{"line":135,"column":82}},"84":{"start":{"line":142,"column":4},"end":{"line":135,"column":82}},"85":{"start":{"line":144,"column":4},"end":{"line":135,"column":82}},"86":{"start":{"line":0,"column":0},"end":{"line":0,"column":0},"skip":true},"87":{"start":{"line":0,"column":0},"end":{"line":0,"column":0},"skip":true},"88":{"start":{"line":0,"column":0},"end":{"line":0,"column":0},"skip":true},"89":{"start":{"line":0,"column":0},"end":{"line":0,"column":0},"skip":true},"90":{"start":{"line":0,"column":0},"end":{"line":0,"column":0},"skip":true},"91":{"start":{"line":152,"column":4},"end":{"line":151,"column":75}},"92":{"start":{"line":156,"column":4},"end":{"line":151,"column":75}},"93":{"start":{"line":158,"column":4},"end":{"line":151,"column":75}},"94":{"start":{"line":160,"column":4},"end":{"line":151,"column":75}},"95":{"start":{"line":0,"column":0},"end":{"line":0,"column":0},"skip":true},"96":{"start":{"line":0,"column":0},"end":{"line":0,"column":0},"skip":true}},"branchMap":{"1":{"line":7,"type":"binary-expr","locations":[{"start":{"line":0,"column":0},"end":{"line":0,"column":0},"skip":true},{"start":{"line":0,"column":0},"end":{"line":0,"column":0},"skip":true}]},"2":{"line":7,"type":"if","locations":[{"start":{"line":0,"column":0},"end":{"line":0,"column":0},"skip":true},{"start":{"line":0,"column":0},"end":{"line":0,"column":0},"skip":true}]},"3":{"line":7,"type":"if","locations":[{"start":{"line":0,"column":0},"end":{"line":0,"column":0},"skip":true},{"start":{"line":0,"column":0},"end":{"line":0,"column":0},"skip":true}]},"4":{"line":7,"type":"if","locations":[{"start":{"line":0,"column":0},"end":{"line":0,"column":0},"skip":true},{"start":{"line":0,"column":0},"end":{"line":0,"column":0},"skip":true}]},"5":{"line":13,"type":"if","locations":[{"start":{"line":0,"column":0},"end":{"line":0,"column":0},"skip":true},{"start":{"line":0,"column":0},"end":{"line":0,"column":0},"skip":true}]},"6":{"line":13,"type":"binary-expr","locations":[{"start":{"line":0,"column":0},"end":{"line":0,"column":0},"skip":true},{"start":{"line":0,"column":0},"end":{"line":0,"column":0},"skip":true}]},"7":{"line":13,"type":"if","locations":[{"start":{"line":0,"column":0},"end":{"line":0,"column":0},"skip":true},{"start":{"line":0,"column":0},"end":{"line":0,"column":0},"skip":true}]},"8":{"line":13,"type":"if","locations":[{"start":{"line":0,"column":0},"end":{"line":0,"column":0},"skip":true},{"start":{"line":0,"column":0},"end":{"line":0,"column":0},"skip":true}]},"9":{"line":15,"type":"if","locations":[{"start":{"line":0,"column":0},"end":{"line":0,"column":0},"skip":true},{"start":{"line":0,"column":0},"end":{"line":0,"column":0},"skip":true}]},"10":{"line":17,"type":"if","locations":[{"start":{"line":3,"column":0},"end":{"line":3,"column":0}},{"start":{"line":3,"column":0},"end":{"line":3,"column":0}}]},"11":{"line":17,"type":"binary-expr","locations":[{"start":{"line":3,"column":4},"end":{"line":3,"column":4}},{"start":{"line":3,"column":12},"end":{"line":3,"column":12}}]},"12":{"line":161,"type":"cond-expr","locations":[{"start":{"line":116,"column":56},"end":{"line":116,"column":56}},{"start":{"line":116,"column":56},"end":{"line":116,"column":56}}]},"13":{"line":163,"type":"cond-expr","locations":[{"start":{"line":116,"column":80},"end":{"line":116,"column":80}},{"start":{"line":116,"column":80},"end":{"line":116,"column":80}}]},"14":{"line":189,"type":"cond-expr","locations":[{"start":{"line":135,"column":53},"end":{"line":135,"column":53}},{"start":{"line":135,"column":53},"end":{"line":135,"column":53}}]},"15":{"line":191,"type":"cond-expr","locations":[{"start":{"line":135,"column":77},"end":{"line":135,"column":77}},{"start":{"line":135,"column":77},"end":{"line":135,"column":77}}]},"16":{"line":214,"type":"cond-expr","locations":[{"start":{"line":151,"column":46},"end":{"line":151,"column":46}},{"start":{"line":151,"column":46},"end":{"line":151,"column":46}}]},"17":{"line":216,"type":"cond-expr","locations":[{"start":{"line":151,"column":70},"end":{"line":151,"column":70}},{"start":{"line":151,"column":70},"end":{"line":151,"column":70}}]}},"l":{"0":7,"1":1,"3":1,"6":0,"9":0,"13":1,"15":1,"32":0,"38":0,"39":0,"41":0,"52":0,"66":0,"67":0,"68":0,"71":0,"76":0,"77":0,"79":0,"81":0,"90":0,"103":0,"105":0,"107":0,"117":0,"122":0,"124":0,"126":0,"136":0,"140":0,"142":0,"144":0,"152":0,"156":0,"158":0,"160":0}},
"/home/ivan-rodriguez/Documentos/composr-connector/src/auth/AuthPersist.js":{"path":"/home/ivan-rodriguez/Documentos/composr-connector/src/auth/AuthPersist.js","s":{"1":1,"2":1,"3":1,"4":1,"5":16,"6":16,"7":16,"8":16,"9":16,"10":16,"11":1,"12":1,"13":1,"14":1,"15":0,"16":1,"17":1,"18":1,"19":0,"20":1,"21":1,"22":1,"23":1,"24":1,"25":1,"26":1,"27":1,"28":1,"29":1,"30":1,"31":0,"32":0,"33":0,"34":1,"35":5,"36":1,"37":5,"38":1,"39":1,"40":1,"41":1,"42":1,"43":1,"44":1,"45":1,"46":2,"47":1,"48":2,"49":2,"50":2,"51":2,"52":2,"53":1,"54":1,"55":1,"56":1,"57":1,"58":1,"59":1,"60":1,"61":1,"62":1,"63":0,"64":1,"65":1,"66":1,"67":1,"68":1,"69":0,"70":0,"71":0,"72":0,"73":1,"74":1,"75":0,"76":1,"77":0,"78":2,"79":2,"80":2,"81":1,"82":2,"83":2,"84":2,"85":2,"86":2,"87":1,"88":1,"89":1,"90":1,"91":2,"92":2,"93":2,"94":2,"95":2,"96":2,"97":2,"98":2,"99":2,"100":1,"101":1,"102":1,"103":1,"104":1,"105":2,"106":2,"107":2,"108":2,"109":2,"110":1,"111":1,"112":1,"113":2,"114":2,"115":2,"116":1,"117":1,"118":1,"119":1,"120":1,"121":1,"122":2,"123":2,"124":2,"125":1,"126":1},"b":{"1":[16,16],"2":[16,0],"3":[1,0],"4":[0,1],"5":[0,1],"6":[1,0],"7":[1,0],"8":[0,1],"9":[1,0],"10":[1,0],"11":[1,1],"12":[2,0],"13":[0,1],"14":[1,0],"15":[0,1],"16":[2,1],"17":[1,1],"18":[2,1],"19":[0,1],"20":[1,0],"21":[2,1],"22":[1,1],"23":[1,1]},"f":{"1":1,"2":1,"3":1,"4":1,"5":1,"6":1,"7":1,"8":5,"9":5,"10":1,"11":2,"12":1,"13":1,"14":0,"15":1,"16":2,"17":2,"18":2,"19":2,"20":1,"21":2,"22":1,"23":1,"24":2},"fnMap":{"1":{"name":"(anonymous_1)","line":7,"loc":{"start":{"line":0,"column":0},"end":{"line":0,"column":0},"skip":true},"skip":true},"2":{"name":"defineProperties","line":7,"loc":{"start":{"line":0,"column":0},"end":{"line":0,"column":0},"skip":true},"skip":true},"3":{"name":"(anonymous_3)","line":7,"loc":{"start":{"line":0,"column":0},"end":{"line":0,"column":0},"skip":true},"skip":true},"4":{"name":"_classCallCheck","line":9,"loc":{"start":{"line":0,"column":0},"end":{"line":0,"column":0},"skip":true},"skip":true},"5":{"name":"(anonymous_5)","line":11,"loc":{"start":{"line":1,"column":-9},"end":{"line":1,"column":-9}}},"6":{"name":"AuthPersist","line":12,"loc":{"start":{"line":2,"column":2},"end":{"line":2,"column":28}}},"7":{"name":"_isNode","line":29,"loc":{"start":{"line":0,"column":0},"end":{"line":0,"column":0},"skip":true},"skip":true},"8":{"name":"removeItem","line":40,"loc":{"start":{"line":24,"column":6},"end":{"line":24,"column":23}}},"9":{"name":"removeItem","line":46,"loc":{"start":{"line":30,"column":6},"end":{"line":30,"column":23}}},"10":{"name":"_addLocalStorage","line":62,"loc":{"start":{"line":0,"column":0},"end":{"line":0,"column":0},"skip":true},"skip":true},"11":{"name":"_addSessionStorage","line":82,"loc":{"start":{"line":0,"column":0},"end":{"line":0,"column":0},"skip":true},"skip":true},"12":{"name":"_removeLocalStorage","line":101,"loc":{"start":{"line":0,"column":0},"end":{"line":0,"column":0},"skip":true},"skip":true},"13":{"name":"_removeSessionStorage","line":115,"loc":{"start":{"line":0,"column":0},"end":{"line":0,"column":0},"skip":true},"skip":true},"14":{"name":"_removeUserCookie","line":124,"loc":{"start":{"line":0,"column":0},"end":{"line":0,"column":0},"skip":true},"skip":true},"15":{"name":"_removeUserCookies","line":129,"loc":{"start":{"line":0,"column":0},"end":{"line":0,"column":0},"skip":true},"skip":true},"16":{"name":"_getAuthOptionsFromStorage","line":157,"loc":{"start":{"line":0,"column":0},"end":{"line":0,"column":0},"skip":true},"skip":true},"17":{"name":"_getUserAccessToken","line":168,"loc":{"start":{"line":0,"column":0},"end":{"line":0,"column":0},"skip":true},"skip":true},"18":{"name":"_getUserTokens","line":192,"loc":{"start":{"line":0,"column":0},"end":{"line":0,"column":0},"skip":true},"skip":true},"19":{"name":"_getClientAccessToken","line":210,"loc":{"start":{"line":0,"column":0},"end":{"line":0,"column":0},"skip":true},"skip":true},"20":{"name":"persistClientToken","line":230,"loc":{"start":{"line":0,"column":0},"end":{"line":0,"column":0},"skip":true},"skip":true},"21":{"name":"persistAuthData","line":252,"loc":{"start":{"line":0,"column":0},"end":{"line":0,"column":0},"skip":true},"skip":true},"22":{"name":"removeAllUserData","line":280,"loc":{"start":{"line":0,"column":0},"end":{"line":0,"column":0},"skip":true},"skip":true},"23":{"name":"getRememberFromStorage","line":287,"loc":{"start":{"line":0,"column":0},"end":{"line":0,"column":0},"skip":true},"skip":true},"24":{"name":"getTokensFromStorage","line":296,"loc":{"start":{"line":0,"column":0},"end":{"line":0,"column":0},"skip":true},"skip":true}},"statementMap":{"1":{"start":{"line":0,"column":0},"end":{"line":0,"column":0},"skip":true},"2":{"start":{"line":0,"column":0},"end":{"line":0,"column":0},"skip":true},"3":{"start":{"line":0,"column":0},"end":{"line":0,"column":0},"skip":true},"4":{"start":{"line":0,"column":0},"end":{"line":0,"column":0},"skip":true},"5":{"start":{"line":0,"column":0},"end":{"line":0,"column":0},"skip":true},"6":{"start":{"line":0,"column":0},"end":{"line":0,"column":0},"skip":true},"7":{"start":{"line":0,"column":0},"end":{"line":0,"column":0},"skip":true},"8":{"start":{"line":0,"column":0},"end":{"line":0,"column":0},"skip":true},"9":{"start":{"line":0,"column":0},"end":{"line":0,"column":0},"skip":true},"10":{"start":{"line":0,"column":0},"end":{"line":0,"column":0},"skip":true},"11":{"start":{"line":0,"column":0},"end":{"line":0,"column":0},"skip":true},"12":{"start":{"line":0,"column":0},"end":{"line":0,"column":0},"skip":true},"13":{"start":{"line":0,"column":0},"end":{"line":0,"column":0},"skip":true},"14":{"start":{"line":0,"column":0},"end":{"line":0,"column":0},"skip":true},"15":{"start":{"line":0,"column":0},"end":{"line":0,"column":0},"skip":true},"16":{"start":{"line":0,"column":0},"end":{"line":0,"column":0},"skip":true},"17":{"start":{"line":0,"column":0},"end":{"line":0,"column":0},"skip":true},"18":{"start":{"line":0,"column":0},"end":{"line":0,"column":0},"skip":true},"19":{"start":{"line":0,"column":0},"end":{"line":0,"column":0},"skip":true},"20":{"start":{"line":0,"column":0},"end":{"line":0,"column":0},"skip":true},"21":{"start":{"line":2,"column":2},"end":{"line":2,"column":2}},"22":{"start":{"line":0,"column":0},"end":{"line":0,"column":0},"skip":true},"23":{"start":{"line":0,"column":0},"end":{"line":0,"column":0},"skip":true},"24":{"start":{"line":3,"column":4},"end":{"line":2,"column":28}},"25":{"start":{"line":4,"column":4},"end":{"line":2,"column":28}},"26":{"start":{"line":5,"column":4},"end":{"line":2,"column":28}},"27":{"start":{"line":6,"column":4},"end":{"line":2,"column":28}},"28":{"start":{"line":0,"column":0},"end":{"line":0,"column":0},"skip":true},"29":{"start":{"line":14,"column":4},"end":{"line":13,"column":12}},"30":{"start":{"line":16,"column":4},"end":{"line":16,"column":4}},"31":{"start":{"line":17,"column":6},"end":{"line":16,"column":31}},"32":{"start":{"line":18,"column":6},"end":{"line":16,"column":31}},"33":{"start":{"line":20,"column":6},"end":{"line":16,"column":31}},"34":{"start":{"line":23,"column":4},"end":{"line":13,"column":12}},"35":{"start":{"line":25,"column":8},"end":{"line":24,"column":23}},"36":{"start":{"line":29,"column":4},"end":{"line":13,"column":12}},"37":{"start":{"line":31,"column":8},"end":{"line":30,"column":23}},"38":{"start":{"line":35,"column":4},"end":{"line":13,"column":12}},"39":{"start":{"line":44,"column":4},"end":{"line":44,"column":4}},"40":{"start":{"line":45,"column":6},"end":{"line":44,"column":23}},"41":{"start":{"line":46,"column":6},"end":{"line":44,"column":23}},"42":{"start":{"line":48,"column":4},"end":{"line":48,"column":4}},"43":{"start":{"line":49,"column":6},"end":{"line":48,"column":26}},"44":{"start":{"line":51,"column":4},"end":{"line":43,"column":25}},"45":{"start":{"line":52,"column":4},"end":{"line":43,"column":25}},"46":{"start":{"line":63,"column":4},"end":{"line":63,"column":4}},"47":{"start":{"line":64,"column":6},"end":{"line":63,"column":23}},"48":{"start":{"line":66,"column":4},"end":{"line":66,"column":4}},"49":{"start":{"line":67,"column":6},"end":{"line":66,"column":26}},"50":{"start":{"line":69,"column":4},"end":{"line":61,"column":27}},"51":{"start":{"line":70,"column":4},"end":{"line":61,"column":27}},"52":{"start":{"line":71,"column":4},"end":{"line":61,"column":27}},"53":{"start":{"line":79,"column":4},"end":{"line":78,"column":24}},"54":{"start":{"line":80,"column":4},"end":{"line":78,"column":24}},"55":{"start":{"line":81,"column":4},"end":{"line":78,"column":24}},"56":{"start":{"line":82,"column":4},"end":{"line":78,"column":24}},"57":{"start":{"line":83,"column":4},"end":{"line":78,"column":24}},"58":{"start":{"line":90,"column":4},"end":{"line":89,"column":26}},"59":{"start":{"line":91,"column":4},"end":{"line":89,"column":26}},"60":{"start":{"line":92,"column":4},"end":{"line":89,"column":26}},"61":{"start":{"line":93,"column":4},"end":{"line":89,"column":26}},"62":{"start":{"line":94,"column":4},"end":{"line":89,"column":26}},"63":{"start":{"line":98,"column":4},"end":{"line":97,"column":32}},"64":{"start":{"line":0,"column":0},"end":{"line":0,"column":0},"skip":true},"65":{"start":{"line":0,"column":0},"end":{"line":0,"column":0},"skip":true},"66":{"start":{"line":0,"column":0},"end":{"line":0,"column":0},"skip":true},"67":{"start":{"line":0,"column":0},"end":{"line":0,"column":0},"skip":true},"68":{"start":{"line":102,"column":4},"end":{"line":102,"column":4}},"69":{"start":{"line":0,"column":0},"end":{"line":0,"column":0},"skip":true},"70":{"start":{"line":103,"column":6},"end":{"line":102,"column":39}},"71":{"start":{"line":0,"column":0},"end":{"line":0,"column":0},"skip":true},"72":{"start":{"line":0,"column":0},"end":{"line":0,"column":0},"skip":true},"73":{"start":{"line":0,"column":0},"end":{"line":0,"column":0},"skip":true},"74":{"start":{"line":0,"column":0},"end":{"line":0,"column":0},"skip":true},"75":{"start":{"line":0,"column":0},"end":{"line":0,"column":0},"skip":true},"76":{"start":{"line":0,"column":0},"end":{"line":0,"column":0},"skip":true},"77":{"start":{"line":0,"column":0},"end":{"line":0,"column":0},"skip":true},"78":{"start":{"line":108,"column":4},"end":{"line":107,"column":31}},"79":{"start":{"line":110,"column":4},"end":{"line":112,"column":6}},"80":{"start":{"line":111,"column":6},"end":{"line":110,"column":8}},"81":{"start":{"line":113,"column":6},"end":{"line":112,"column":18}},"82":{"start":{"line":115,"column":4},"end":{"line":107,"column":31}},"83":{"start":{"line":119,"column":4},"end":{"line":118,"column":24}},"84":{"start":{"line":124,"column":4},"end":{"line":118,"column":24}},"85":{"start":{"line":129,"column":4},"end":{"line":118,"column":24}},"86":{"start":{"line":131,"column":4},"end":{"line":131,"column":4}},"87":{"start":{"line":132,"column":6},"end":{"line":131,"column":86}},"88":{"start":{"line":133,"column":6},"end":{"line":131,"column":86}},"89":{"start":{"line":136,"column":4},"end":{"line":118,"column":24}},"90":{"start":{"line":138,"column":4},"end":{"line":118,"column":24}},"91":{"start":{"line":142,"column":4},"end":{"line":141,"column":19}},"92":{"start":{"line":0,"column":0},"end":{"line":0,"column":0},"skip":true},"93":{"start":{"line":0,"column":0},"end":{"line":0,"column":0},"skip":true},"94":{"start":{"line":0,"column":0},"end":{"line":0,"column":0},"skip":true},"95":{"start":{"line":148,"column":4},"end":{"line":141,"column":19}},"96":{"start":{"line":154,"column":4},"end":{"line":141,"column":19}},"97":{"start":{"line":158,"column":4},"end":{"line":157,"column":26}},"98":{"start":{"line":159,"column":4},"end":{"line":157,"column":26}},"99":{"start":{"line":161,"column":4},"end":{"line":157,"column":26}},"100":{"start":{"line":0,"column":0},"end":{"line":0,"column":0},"skip":true},"101":{"start":{"line":0,"column":0},"end":{"line":0,"column":0},"skip":true},"102":{"start":{"line":179,"column":4},"end":{"line":177,"column":5}},"103":{"start":{"line":180,"column":4},"end":{"line":177,"column":5}},"104":{"start":{"line":182,"column":4},"end":{"line":177,"column":5}},"105":{"start":{"line":0,"column":0},"end":{"line":0,"column":0},"skip":true},"106":{"start":{"line":0,"column":0},"end":{"line":0,"column":0},"skip":true},"107":{"start":{"line":0,"column":0},"end":{"line":0,"column":0},"skip":true},"108":{"start":{"line":0,"column":0},"end":{"line":0,"column":0},"skip":true},"109":{"start":{"line":201,"column":4},"end":{"line":201,"column":4}},"110":{"start":{"line":202,"column":6},"end":{"line":201,"column":23}},"111":{"start":{"line":203,"column":6},"end":{"line":201,"column":23}},"112":{"start":{"line":208,"column":6},"end":{"line":205,"column":11}},"113":{"start":{"line":211,"column":4},"end":{"line":193,"column":31}},"114":{"start":{"line":217,"column":4},"end":{"line":193,"column":31}},"115":{"start":{"line":219,"column":4},"end":{"line":193,"column":31}},"116":{"start":{"line":223,"column":4},"end":{"line":222,"column":22}},"117":{"start":{"line":224,"column":4},"end":{"line":222,"column":22}},"118":{"start":{"line":225,"column":4},"end":{"line":222,"column":22}},"119":{"start":{"line":229,"column":4},"end":{"line":228,"column":27}},"120":{"start":{"line":232,"column":4},"end":{"line":228,"column":27}},"121":{"start":{"line":234,"column":4},"end":{"line":228,"column":27}},"122":{"start":{"line":238,"column":4},"end":{"line":237,"column":25}},"123":{"start":{"line":243,"column":4},"end":{"line":237,"column":25}},"124":{"start":{"line":245,"column":4},"end":{"line":237,"column":25}},"125":{"start":{"line":0,"column":0},"end":{"line":0,"column":0},"skip":true},"126":{"start":{"line":0,"column":0},"end":{"line":0,"column":0},"skip":true}},"branchMap":{"1":{"line":7,"type":"binary-expr","locations":[{"start":{"line":0,"column":0},"end":{"line":0,"column":0},"skip":true},{"start":{"line":0,"column":0},"end":{"line":0,"column":0},"skip":true}]},"2":{"line":7,"type":"if","locations":[{"start":{"line":0,"column":0},"end":{"line":0,"column":0},"skip":true},{"start":{"line":0,"column":0},"end":{"line":0,"column":0},"skip":true}]},"3":{"line":7,"type":"if","locations":[{"start":{"line":0,"column":0},"end":{"line":0,"column":0},"skip":true},{"start":{"line":0,"column":0},"end":{"line":0,"column":0},"skip":true}]},"4":{"line":7,"type":"if","locations":[{"start":{"line":0,"column":0},"end":{"line":0,"column":0},"skip":true},{"start":{"line":0,"column":0},"end":{"line":0,"column":0},"skip":true}]},"5":{"line":9,"type":"if","locations":[{"start":{"line":0,"column":0},"end":{"line":0,"column":0},"skip":true},{"start":{"line":0,"column":0},"end":{"line":0,"column":0},"skip":true}]},"6":{"line":13,"type":"cond-expr","locations":[{"start":{"line":2,"column":24},"end":{"line":2,"column":24}},{"start":{"line":2,"column":24},"end":{"line":2,"column":24}}]},"7":{"line":13,"type":"binary-expr","locations":[{"start":{"line":2,"column":14},"end":{"line":2,"column":14}},{"start":{"line":2,"column":14},"end":{"line":2,"column":14}}]},"8":{"line":32,"type":"if","locations":[{"start":{"line":16,"column":4},"end":{"line":16,"column":4}},{"start":{"line":16,"column":4},"end":{"line":16,"column":4}}]},"9":{"line":63,"type":"if","locations":[{"start":{"line":44,"column":4},"end":{"line":44,"column":4}},{"start":{"line":44,"column":4},"end":{"line":44,"column":4}}]},"10":{"line":67,"type":"if","locations":[{"start":{"line":48,"column":4},"end":{"line":48,"column":4}},{"start":{"line":48,"column":4},"end":{"line":48,"column":4}}]},"11":{"line":84,"type":"if","locations":[{"start":{"line":63,"column":4},"end":{"line":63,"column":4}},{"start":{"line":63,"column":4},"end":{"line":63,"column":4}}]},"12":{"line":87,"type":"if","locations":[{"start":{"line":66,"column":4},"end":{"line":66,"column":4}},{"start":{"line":66,"column":4},"end":{"line":66,"column":4}}]},"13":{"line":145,"type":"if","locations":[{"start":{"line":0,"column":0},"end":{"line":0,"column":0},"skip":true},{"start":{"line":0,"column":0},"end":{"line":0,"column":0},"skip":true}]},"14":{"line":145,"type":"binary-expr","locations":[{"start":{"line":0,"column":0},"end":{"line":0,"column":0},"skip":true},{"start":{"line":0,"column":0},"end":{"line":0,"column":0},"skip":true}]},"15":{"line":149,"type":"if","locations":[{"start":{"line":0,"column":0},"end":{"line":0,"column":0},"skip":true},{"start":{"line":0,"column":0},"end":{"line":0,"column":0},"skip":true}]},"16":{"line":158,"type":"binary-expr","locations":[{"start":{"line":108,"column":22},"end":{"line":108,"column":22}},{"start":{"line":109,"column":6},"end":{"line":109,"column":6}}]},"17":{"line":181,"type":"if","locations":[{"start":{"line":131,"column":4},"end":{"line":131,"column":4}},{"start":{"line":131,"column":4},"end":{"line":131,"column":4}}]},"18":{"line":181,"type":"binary-expr","locations":[{"start":{"line":131,"column":8},"end":{"line":131,"column":8}},{"start":{"line":131,"column":49},"end":{"line":131,"column":49}}]},"19":{"line":182,"type":"cond-expr","locations":[{"start":{"line":132,"column":86},"end":{"line":132,"column":24}},{"start":{"line":132,"column":108},"end":{"line":132,"column":24}}]},"20":{"line":186,"type":"cond-expr","locations":[{"start":{"line":136,"column":61},"end":{"line":136,"column":22}},{"start":{"line":136,"column":81},"end":{"line":136,"column":22}}]},"21":{"line":193,"type":"binary-expr","locations":[{"start":{"line":142,"column":25},"end":{"line":142,"column":25}},{"start":{"line":143,"column":6},"end":{"line":143,"column":6}}]},"22":{"line":259,"type":"if","locations":[{"start":{"line":201,"column":4},"end":{"line":201,"column":4}},{"start":{"line":201,"column":4},"end":{"line":201,"column":4}}]},"23":{"line":288,"type":"binary-expr","locations":[{"start":{"line":229,"column":21},"end":{"line":229,"column":21}},{"start":{"line":230,"column":6},"end":{"line":230,"column":6}}]}},"l":{"0":16,"2":1,"3":1,"4":1,"5":1,"6":1,"14":1,"16":1,"17":0,"18":0,"20":0,"23":1,"25":5,"29":1,"31":5,"35":1,"44":1,"45":1,"46":1,"48":1,"49":1,"51":1,"52":1,"63":2,"64":1,"66":2,"67":2,"69":2,"70":2,"71":2,"79":1,"80":1,"81":1,"82":1,"83":1,"90":1,"91":1,"92":1,"93":1,"94":1,"98":0,"102":1,"103":0,"108":2,"110":2,"111":2,"113":1,"115":2,"119":2,"124":2,"129":2,"131":2,"132":1,"133":1,"136":1,"138":1,"142":2,"148":2,"154":2,"158":2,"159":2,"161":2,"179":1,"180":1,"182":1,"201":2,"202":1,"203":1,"208":1,"211":2,"217":2,"219":2,"223":1,"224":1,"225":1,"229":1,"232":1,"234":1,"238":2,"243":2,"245":2}},
"/home/ivan-rodriguez/Documentos/composr-connector/src/auth/AuthConnector.js":{"path":"/home/ivan-rodriguez/Documentos/composr-connector/src/auth/AuthConnector.js","s":{"1":1,"2":1,"3":1,"4":1,"5":11,"6":11,"7":11,"8":11,"9":11,"10":11,"11":1,"12":1,"13":1,"14":1,"15":0,"16":1,"17":1,"18":1,"19":1,"20":1,"21":1,"22":1,"23":1,"24":1,"25":1,"26":0,"27":0,"28":0,"29":0,"30":0,"31":0,"32":0,"33":1,"34":2,"35":1,"36":0,"37":0,"38":1,"39":1,"40":0,"41":0,"42":0,"43":0,"44":0,"45":0,"46":0,"47":0,"48":0,"49":0,"50":0,"51":0,"52":1,"53":0,"54":0,"55":0,"56":0,"57":0,"58":0,"59":0,"60":0,"61":0,"62":0,"63":0,"64":0,"65":0,"66":0,"67":0,"68":0,"69":0,"70":0,"71":0,"72":0,"73":0,"74":0,"75":0,"76":0,"77":0,"78":0,"79":0,"80":0,"81":0,"82":0,"83":0,"84":0,"85":0,"86":0,"87":0,"88":0,"89":0,"90":0,"91":0,"92":0,"93":0,"94":0,"95":0,"96":0,"97":0,"98":0,"99":0,"100":0,"101":0,"102":0,"103":0,"104":0,"105":0,"106":0,"107":0,"108":0,"109":0,"110":0,"111":0,"112":0,"113":0,"114":0,"115":0,"116":0,"117":0,"118":0,"119":0,"120":0,"121":0,"122":0,"123":0,"124":0,"125":0,"126":0,"127":0,"128":0,"129":0,"130":0,"131":0,"132":0,"133":0,"134":0,"135":0,"136":0,"137":0,"138":0,"139":0,"140":0,"141":0,"142":0,"143":0,"144":0,"145":0,"146":0,"147":0,"148":0,"149":0,"150":0,"151":0,"152":0,"153":0,"154":0,"155":0,"156":0,"157":0,"158":0,"159":0,"160":0,"161":0,"162":0,"163":1,"164":1},"b":{"1":[11,11],"2":[11,0],"3":[1,0],"4":[0,1],"5":[1,0],"6":[1,1],"7":[0,0],"8":[0,0],"9":[2,0],"10":[2,2],"11":[0,0],"12":[0,0],"13":[0,0],"14":[0,0],"15":[0,0,0],"16":[0,0],"17":[0,0],"18":[0,0,0,0],"19":[0,0],"20":[0,0],"21":[0,0],"22":[0,0],"23":[0,0],"24":[0,0],"25":[0,0],"26":[0,0],"27":[0,0],"28":[0,0],"29":[0,0],"30":[0,0],"31":[0,0],"32":[0,0],"33":[0,0],"34":[0,0],"35":[0,0]},"f":{"1":1,"2":1,"3":1,"4":1,"5":2,"6":0,"7":1,"8":0,"9":0,"10":0,"11":0,"12":0,"13":0,"14":0,"15":0,"16":0,"17":0,"18":0,"19":0,"20":0,"21":0,"22":0,"23":0,"24":0,"25":0,"26":0,"27":0,"28":0,"29":0},"fnMap":{"1":{"name":"(anonymous_1)","line":7,"loc":{"start":{"line":0,"column":0},"end":{"line":0,"column":0},"skip":true},"skip":true},"2":{"name":"defineProperties","line":7,"loc":{"start":{"line":0,"column":0},"end":{"line":0,"column":0},"skip":true},"skip":true},"3":{"name":"(anonymous_3)","line":7,"loc":{"start":{"line":0,"column":0},"end":{"line":0,"column":0},"skip":true},"skip":true},"4":{"name":"_interopRequireWildcard","line":21,"loc":{"start":{"line":0,"column":0},"end":{"line":0,"column":0},"skip":true},"skip":true},"5":{"name":"_interopRequireDefault","line":23,"loc":{"start":{"line":0,"column":0},"end":{"line":0,"column":0},"skip":true},"skip":true},"6":{"name":"_classCallCheck","line":25,"loc":{"start":{"line":0,"column":0},"end":{"line":0,"column":0},"skip":true},"skip":true},"7":{"name":"(anonymous_7)","line":27,"loc":{"start":{"line":5,"column":6},"end":{"line":5,"column":6}}},"8":{"name":"AuthConnector","line":28,"loc":{"start":{"line":6,"column":2},"end":{"line":6,"column":118}}},"9":{"name":"_validateAccessToken","line":57,"loc":{"start":{"line":0,"column":0},"end":{"line":0,"column":0},"skip":true},"skip":true},"10":{"name":"_validateClientAccessToken","line":90,"loc":{"start":{"line":0,"column":0},"end":{"line":0,"column":0},"skip":true},"skip":true},"11":{"name":"_parseTokenObject","line":98,"loc":{"start":{"line":0,"column":0},"end":{"line":0,"column":0},"skip":true},"skip":true},"12":{"name":"_executePromiseCb","line":107,"loc":{"start":{"line":0,"column":0},"end":{"line":0,"column":0},"skip":true},"skip":true},"13":{"name":"init","line":138,"loc":{"start":{"line":0,"column":0},"end":{"line":0,"column":0},"skip":true},"skip":true},"14":{"name":"(anonymous_14)","line":142,"loc":{"start":{"line":99,"column":12},"end":{"line":99,"column":12}}},"15":{"name":"(anonymous_15)","line":144,"loc":{"start":{"line":100,"column":13},"end":{"line":100,"column":13}}},"16":{"name":"authValidation","line":157,"loc":{"start":{"line":0,"column":0},"end":{"line":0,"column":0},"skip":true},"skip":true},"17":{"name":"(anonymous_17)","line":170,"loc":{"start":{"line":120,"column":12},"end":{"line":120,"column":12}}},"18":{"name":"(anonymous_18)","line":172,"loc":{"start":{"line":121,"column":13},"end":{"line":121,"column":13}}},"19":{"name":"getCurrentToken","line":189,"loc":{"start":{"line":0,"column":0},"end":{"line":0,"column":0},"skip":true},"skip":true},"20":{"name":"(anonymous_20)","line":194,"loc":{"start":{"line":137,"column":10},"end":{"line":137,"column":16}}},"21":{"name":"(anonymous_21)","line":200,"loc":{"start":{"line":144,"column":11},"end":{"line":144,"column":17}}},"22":{"name":"(anonymous_22)","line":201,"loc":{"start":{"line":147,"column":12},"end":{"line":147,"column":12}}},"23":{"name":"loginClient","line":217,"loc":{"start":{"line":0,"column":0},"end":{"line":0,"column":0},"skip":true},"skip":true},"24":{"name":"(anonymous_24)","line":230,"loc":{"start":{"line":171,"column":10},"end":{"line":171,"column":17}}},"25":{"name":"loginUser","line":249,"loc":{"start":{"line":0,"column":0},"end":{"line":0,"column":0},"skip":true},"skip":true},"26":{"name":"(anonymous_26)","line":270,"loc":{"start":{"line":200,"column":10},"end":{"line":200,"column":17}}},"27":{"name":"refreshUserToken","line":291,"loc":{"start":{"line":0,"column":0},"end":{"line":0,"column":0},"skip":true},"skip":true},"28":{"name":"(anonymous_28)","line":310,"loc":{"start":{"line":232,"column":10},"end":{"line":232,"column":17}}},"29":{"name":"logoutUser","line":328,"loc":{"start":{"line":0,"column":0},"end":{"line":0,"column":0},"skip":true},"skip":true}},"statementMap":{"1":{"start":{"line":0,"column":0},"end":{"line":0,"column":0},"skip":true},"2":{"start":{"line":0,"column":0},"end":{"line":0,"column":0},"skip":true},"3":{"start":{"line":0,"column":0},"end":{"line":0,"column":0},"skip":true},"4":{"start":{"line":0,"column":0},"end":{"line":0,"column":0},"skip":true},"5":{"start":{"line":0,"column":0},"end":{"line":0,"column":0},"skip":true},"6":{"start":{"line":0,"column":0},"end":{"line":0,"column":0},"skip":true},"7":{"start":{"line":0,"column":0},"end":{"line":0,"column":0},"skip":true},"8":{"start":{"line":0,"column":0},"end":{"line":0,"column":0},"skip":true},"9":{"start":{"line":0,"column":0},"end":{"line":0,"column":0},"skip":true},"10":{"start":{"line":0,"column":0},"end":{"line":0,"column":0},"skip":true},"11":{"start":{"line":0,"column":0},"end":{"line":0,"column":0},"skip":true},"12":{"start":{"line":0,"column":0},"end":{"line":0,"column":0},"skip":true},"13":{"start":{"line":0,"column":0},"end":{"line":0,"column":0},"skip":true},"14":{"start":{"line":0,"column":0},"end":{"line":0,"column":0},"skip":true},"15":{"start":{"line":0,"column":0},"end":{"line":0,"column":0},"skip":true},"16":{"start":{"line":0,"column":0},"end":{"line":0,"column":0},"skip":true},"17":{"start":{"line":1,"column":-15},"end":{"line":1,"column":-15}},"18":{"start":{"line":0,"column":0},"end":{"line":0,"column":0},"skip":true},"19":{"start":{"line":2,"column":0},"end":{"line":2,"column":0}},"20":{"start":{"line":0,"column":0},"end":{"line":0,"column":0},"skip":true},"21":{"start":{"line":3,"column":0},"end":{"line":3,"column":0}},"22":{"start":{"line":0,"column":0},"end":{"line":0,"column":0},"skip":true},"23":{"start":{"line":0,"column":0},"end":{"line":0,"column":0},"skip":true},"24":{"start":{"line":0,"column":0},"end":{"line":0,"column":0},"skip":true},"25":{"start":{"line":0,"column":0},"end":{"line":0,"column":0},"skip":true},"26":{"start":{"line":0,"column":0},"end":{"line":0,"column":0},"skip":true},"27":{"start":{"line":0,"column":0},"end":{"line":0,"column":0},"skip":true},"28":{"start":{"line":0,"column":0},"end":{"line":0,"column":0},"skip":true},"29":{"start":{"line":0,"column":0},"end":{"line":0,"column":0},"skip":true},"30":{"start":{"line":0,"column":0},"end":{"line":0,"column":0},"skip":true},"31":{"start":{"line":0,"column":0},"end":{"line":0,"column":0},"skip":true},"32":{"start":{"line":0,"column":0},"end":{"line":0,"column":0},"skip":true},"33":{"start":{"line":0,"column":0},"end":{"line":0,"column":0},"skip":true},"34":{"start":{"line":0,"column":0},"end":{"line":0,"column":0},"skip":true},"35":{"start":{"line":0,"column":0},"end":{"line":0,"column":0},"skip":true},"36":{"start":{"line":0,"column":0},"end":{"line":0,"column":0},"skip":true},"37":{"start":{"line":0,"column":0},"end":{"line":0,"column":0},"skip":true},"38":{"start":{"line":0,"column":0},"end":{"line":0,"column":0},"skip":true},"39":{"start":{"line":6,"column":2},"end":{"line":6,"column":2}},"40":{"start":{"line":0,"column":0},"end":{"line":0,"column":0},"skip":true},"41":{"start":{"line":0,"column":0},"end":{"line":0,"column":0},"skip":true},"42":{"start":{"line":0,"column":0},"end":{"line":0,"column":0},"skip":true},"43":{"start":{"line":0,"column":0},"end":{"line":0,"column":0},"skip":true},"44":{"start":{"line":0,"column":0},"end":{"line":0,"column":0},"skip":true},"45":{"start":{"line":0,"column":0},"end":{"line":0,"column":0},"skip":true},"46":{"start":{"line":0,"column":0},"end":{"line":0,"column":0},"skip":true},"47":{"start":{"line":0,"column":0},"end":{"line":0,"column":0},"skip":true},"48":{"start":{"line":7,"column":4},"end":{"line":6,"column":118}},"49":{"start":{"line":8,"column":4},"end":{"line":6,"column":118}},"50":{"start":{"line":9,"column":4},"end":{"line":6,"column":118}},"51":{"start":{"line":11,"column":4},"end":{"line":6,"column":118}},"52":{"start":{"line":0,"column":0},"end":{"line":0,"column":0},"skip":true},"53":{"start":{"line":22,"column":4},"end":{"line":21,"column":25}},"54":{"start":{"line":0,"column":0},"end":{"line":0,"column":0},"skip":true},"55":{"start":{"line":0,"column":0},"end":{"line":0,"column":0},"skip":true},"56":{"start":{"line":0,"column":0},"end":{"line":0,"column":0},"skip":true},"57":{"start":{"line":0,"column":0},"end":{"line":0,"column":0},"skip":true},"58":{"start":{"line":24,"column":4},"end":{"line":21,"column":25}},"59":{"start":{"line":25,"column":4},"end":{"line":21,"column":25}},"60":{"start":{"line":27,"column":4},"end":{"line":32,"column":11}},"61":{"start":{"line":29,"column":6},"end":{"line":27,"column":26}},"62":{"start":{"line":32,"column":11},"end":{"line":32,"column":11}},"63":{"start":{"line":34,"column":6},"end":{"line":32,"column":29}},"64":{"start":{"line":36,"column":6},"end":{"line":35,"column":11}},"65":{"start":{"line":39,"column":4},"end":{"line":21,"column":25}},"66":{"start":{"line":49,"column":4},"end":{"line":47,"column":42}},"67":{"start":{"line":54,"column":4},"end":{"line":47,"column":42}},"68":{"start":{"line":59,"column":4},"end":{"line":59,"column":4}},"69":{"start":{"line":60,"column":6},"end":{"line":59,"column":30}},"70":{"start":{"line":63,"column":4},"end":{"line":58,"column":30}},"71":{"start":{"line":67,"column":4},"end":{"line":67,"column":4}},"72":{"start":{"line":68,"column":6},"end":{"line":67,"column":33}},"73":{"start":{"line":71,"column":4},"end":{"line":66,"column":35}},"74":{"start":{"line":72,"column":4},"end":{"line":66,"column":35}},"75":{"start":{"line":74,"column":4},"end":{"line":74,"column":4}},"76":{"start":{"line":75,"column":6},"end":{"line":74,"column":40}},"77":{"start":{"line":78,"column":4},"end":{"line":78,"column":4}},"78":{"start":{"line":79,"column":6},"end":{"line":78,"column":38}},"79":{"start":{"line":82,"column":4},"end":{"line":66,"column":35}},"80":{"start":{"line":0,"column":0},"end":{"line":0,"column":0},"skip":true},"81":{"start":{"line":97,"column":4},"end":{"line":96,"column":9}},"82":{"start":{"line":98,"column":4},"end":{"line":96,"column":9}},"83":{"start":{"line":0,"column":0},"end":{"line":0,"column":0},"skip":true},"84":{"start":{"line":0,"column":0},"end":{"line":0,"column":0},"skip":true},"85":{"start":{"line":0,"column":0},"end":{"line":0,"column":0},"skip":true},"86":{"start":{"line":109,"column":4},"end":{"line":109,"column":8}},"87":{"start":{"line":108,"column":19},"end":{"line":111,"column":4}},"88":{"start":{"line":112,"column":6},"end":{"line":111,"column":71}},"89":{"start":{"line":115,"column":4},"end":{"line":108,"column":19}},"90":{"start":{"line":117,"column":4},"end":{"line":108,"column":19}},"91":{"start":{"line":119,"column":4},"end":{"line":108,"column":19}},"92":{"start":{"line":0,"column":0},"end":{"line":0,"column":0},"skip":true},"93":{"start":{"line":0,"column":0},"end":{"line":0,"column":0},"skip":true},"94":{"start":{"line":123,"column":4},"end":{"line":108,"column":19}},"95":{"start":{"line":125,"column":4},"end":{"line":108,"column":19}},"96":{"start":{"line":0,"column":0},"end":{"line":0,"column":0},"skip":true},"97":{"start":{"line":134,"column":4},"end":{"line":133,"column":20}},"98":{"start":{"line":136,"column":4},"end":{"line":133,"column":20}},"99":{"start":{"line":138,"column":6},"end":{"line":137,"column":16}},"100":{"start":{"line":139,"column":6},"end":{"line":139,"column":6}},"101":{"start":{"line":140,"column":8},"end":{"line":139,"column":59}},"102":{"start":{"line":142,"column":6},"end":{"line":137,"column":16}},"103":{"start":{"line":145,"column":6},"end":{"line":144,"column":17}},"104":{"start":{"line":0,"column":0},"end":{"line":0,"column":0},"skip":true},"105":{"start":{"line":150,"column":4},"end":{"line":133,"column":20}},"106":{"start":{"line":0,"column":0},"end":{"line":0,"column":0},"skip":true},"107":{"start":{"line":159,"column":4},"end":{"line":158,"column":16}},"108":{"start":{"line":160,"column":4},"end":{"line":158,"column":16}},"109":{"start":{"line":161,"column":4},"end":{"line":161,"column":10}},"110":{"start":{"line":158,"column":16},"end":{"line":164,"column":4}},"111":{"start":{"line":165,"column":6},"end":{"line":164,"column":34}},"112":{"start":{"line":158,"column":16},"end":{"line":158,"column":16}},"113":{"start":{"line":172,"column":6},"end":{"line":171,"column":17}},"114":{"start":{"line":173,"column":6},"end":{"line":171,"column":17}},"115":{"start":{"line":176,"column":4},"end":{"line":158,"column":16}},"116":{"start":{"line":177,"column":4},"end":{"line":158,"column":16}},"117":{"start":{"line":179,"column":4},"end":{"line":158,"column":16}},"118":{"start":{"line":0,"column":0},"end":{"line":0,"column":0},"skip":true},"119":{"start":{"line":0,"column":0},"end":{"line":0,"column":0},"skip":true},"120":{"start":{"line":0,"column":0},"end":{"line":0,"column":0},"skip":true},"121":{"start":{"line":0,"column":0},"end":{"line":0,"column":0},"skip":true},"122":{"start":{"line":0,"column":0},"end":{"line":0,"column":0},"skip":true},"123":{"start":{"line":0,"column":0},"end":{"line":0,"column":0},"skip":true},"124":{"start":{
[...]
"/home/ivan-rodriguez/Documentos/composr-connector/src/connect/Connect.js":{"path":"/home/ivan-rodriguez/Documentos/composr-connector/src/connect/Connect.js","s":{"1":1,"2":1,"3":1,"4":1,"5":11,"6":11,"7":11,"8":11,"9":11,"10":11,"11":1,"12":1,"13":1,"14":1,"15":0,"16":1,"17":1,"18":1,"19":1,"20":1,"21":1,"22":1,"23":1,"24":0,"25":0,"26":0,"27":0,"28":0,"29":0,"30":0,"31":1,"32":1,"33":1,"34":0,"35":0,"36":1,"37":0,"38":0,"39":0,"40":1,"41":1,"42":0,"43":0,"44":0,"45":0,"46":0,"47":0,"48":0,"49":0,"50":0,"51":0,"52":0,"53":1,"54":0,"55":0,"56":0,"57":0,"58":0,"59":0,"60":0,"61":0,"62":0,"63":0,"64":0,"65":0,"66":0,"67":0,"68":0,"69":0,"70":0,"71":0,"72":0,"73":0,"74":0,"75":0,"76":0,"77":0,"78":0,"79":0,"80":0,"81":0,"82":0,"83":0,"84":0,"85":0,"86":0,"87":0,"88":0,"89":0,"90":0,"91":0,"92":0,"93":0,"94":0,"95":0,"96":0,"97":0,"98":0,"99":0,"100":0,"101":0,"102":0,"103":0,"104":0,"105":0,"106":0,"107":0,"108":0,"109":0,"110":0,"111":0,"112":0,"113":0,"114":0,"115":0,"116":0,"117":1,"118":1},"b":{"1":[11,11],"2":[11,0],"3":[1,0],"4":[0,1],"5":[1,0],"6":[1,1],"7":[0,0],"8":[0,0],"9":[1,0],"10":[1,1],"11":[0,0],"12":[0,1],"13":[1,0],"14":[0,0],"15":[0,0],"16":[0,0],"17":[0,0],"18":[0,0],"19":[0,0],"20":[0,0],"21":[0,0],"22":[0,0],"23":[0,0,0],"24":[0,0],"25":[0,0],"26":[0,0]},"f":{"1":1,"2":1,"3":1,"4":1,"5":1,"6":0,"7":1,"8":0,"9":0,"10":0,"11":0,"12":0,"13":0,"14":0,"15":0,"16":0,"17":0,"18":0,"19":0,"20":0,"21":0,"22":0,"23":0},"fnMap":{"1":{"name":"(anonymous_1)","line":7,"loc":{"start":{"line":0,"column":0},"end":{"line":0,"column":0},"skip":true},"skip":true},"2":{"name":"defineProperties","line":7,"loc":{"start":{"line":0,"column":0},"end":{"line":0,"column":0},"skip":true},"skip":true},"3":{"name":"(anonymous_3)","line":7,"loc":{"start":{"line":0,"column":0},"end":{"line":0,"column":0},"skip":true},"skip":true},"4":{"name":"_interopRequireWildcard","line":17,"loc":{"start":{"line":0,"column":0},"end":{"line":0,"column":0},"skip":true},"skip":true},"5":{"name":"_interopRequireDefault","line":19,"loc":{"start":{"line":0,"column":0},"end":{"line":0,"column":0},"skip":true},"skip":true},"6":{"name":"_classCallCheck","line":21,"loc":{"start":{"line":0,"column":0},"end":{"line":0,"column":0},"skip":true},"skip":true},"7":{"name":"(anonymous_7)","line":32,"loc":{"start":{"line":13,"column":6},"end":{"line":13,"column":6}}},"8":{"name":"Connect","line":33,"loc":{"start":{"line":14,"column":2},"end":{"line":16,"column":11}}},"9":{"name":"_buildHeaders","line":58,"loc":{"start":{"line":0,"column":0},"end":{"line":0,"column":0},"skip":true},"skip":true},"10":{"name":"_buildRequestParams","line":74,"loc":{"start":{"line":0,"column":0},"end":{"line":0,"column":0},"skip":true},"skip":true},"11":{"name":"_buildQueryPath","line":91,"loc":{"start":{"line":0,"column":0},"end":{"line":0,"column":0},"skip":true},"skip":true},"12":{"name":"(anonymous_12)","line":95,"loc":{"start":{"line":58,"column":32},"end":{"line":58,"column":46}}},"13":{"name":"_buildUrl","line":106,"loc":{"start":{"line":0,"column":0},"end":{"line":0,"column":0},"skip":true},"skip":true},"14":{"name":"_buildRequest","line":122,"loc":{"start":{"line":0,"column":0},"end":{"line":0,"column":0},"skip":true},"skip":true},"15":{"name":"_request","line":167,"loc":{"start":{"line":0,"column":0},"end":{"line":0,"column":0},"skip":true},"skip":true},"16":{"name":"(anonymous_16)","line":172,"loc":{"start":{"line":115,"column":12},"end":{"line":115,"column":23}}},"17":{"name":"(anonymous_17)","line":176,"loc":{"start":{"line":120,"column":13},"end":{"line":120,"column":22}}},"18":{"name":"(anonymous_18)","line":178,"loc":{"start":{"line":123,"column":18},"end":{"line":123,"column":37}}},"19":{"name":"request","line":206,"loc":{"start":{"line":0,"column":0},"end":{"line":0,"column":0},"skip":true},"skip":true},"20":{"name":"get","line":228,"loc":{"start":{"line":0,"column":0},"end":{"line":0,"column":0},"skip":true},"skip":true},"21":{"name":"_delete","line":248,"loc":{"start":{"line":0,"column":0},"end":{"line":0,"column":0},"skip":true},"skip":true},"22":{"name":"post","line":268,"loc":{"start":{"line":0,"column":0},"end":{"line":0,"column":0},"skip":true},"skip":true},"23":{"name":"put","line":288,"loc":{"start":{"line":0,"column":0},"end":{"line":0,"column":0},"skip":true},"skip":true}},"statementMap":{"1":{"start":{"line":0,"column":0},"end":{"line":0,"column":0},"skip":true},"2":{"start":{"line":0,"column":0},"end":{"line":0,"column":0},"skip":true},"3":{"start":{"line":0,"column":0},"end":{"line":0,"column":0},"skip":true},"4":{"start":{"line":0,"column":0},"end":{"line":0,"column":0},"skip":true},"5":{"start":{"line":0,"column":0},"end":{"line":0,"column":0},"skip":true},"6":{"start":{"line":0,"column":0},"end":{"line":0,"column":0},"skip":true},"7":{"start":{"line":0,"column":0},"end":{"line":0,"column":0},"skip":true},"8":{"start":{"line":0,"column":0},"end":{"line":0,"column":0},"skip":true},"9":{"start":{"line":0,"column":0},"end":{"line":0,"column":0},"skip":true},"10":{"start":{"line":0,"column":0},"end":{"line":0,"column":0},"skip":true},"11":{"start":{"line":0,"column":0},"end":{"line":0,"column":0},"skip":true},"12":{"start":{"line":0,"column":0},"end":{"line":0,"column":0},"skip":true},"13":{"start":{"line":0,"column":0},"end":{"line":0,"column":0},"skip":true},"14":{"start":{"line":0,"column":0},"end":{"line":0,"column":0},"skip":true},"15":{"start":{"line":0,"column":0},"end":{"line":0,"column":0},"skip":true},"16":{"start":{"line":0,"column":0},"end":{"line":0,"column":0},"skip":true},"17":{"start":{"line":1,"column":-15},"end":{"line":1,"column":-15}},"18":{"start":{"line":0,"column":0},"end":{"line":0,"column":0},"skip":true},"19":{"start":{"line":2,"column":0},"end":{"line":2,"column":0}},"20":{"start":{"line":0,"column":0},"end":{"line":0,"column":0},"skip":true},"21":{"start":{"line":0,"column":0},"end":{"line":0,"column":0},"skip":true},"22":{"start":{"line":0,"column":0},"end":{"line":0,"column":0},"skip":true},"23":{"start":{"line":0,"column":0},"end":{"line":0,"column":0},"skip":true},"24":{"start":{"line":0,"column":0},"end":{"line":0,"column":0},"skip":true},"25":{"start":{"line":0,"column":0},"end":{"line":0,"column":0},"skip":true},"26":{"start":{"line":0,"column":0},"end":{"line":0,"column":0},"skip":true},"27":{"start":{"line":0,"column":0},"end":{"line":0,"column":0},"skip":true},"28":{"start":{"line":0,"column":0},"end":{"line":0,"column":0},"skip":true},"29":{"start":{"line":0,"column":0},"end":{"line":0,"column":0},"skip":true},"30":{"start":{"line":0,"column":0},"end":{"line":0,"column":0},"skip":true},"31":{"start":{"line":0,"column":0},"end":{"line":0,"column":0},"skip":true},"32":{"start":{"line":0,"column":0},"end":{"line":0,"column":0},"skip":true},"33":{"start":{"line":0,"column":0},"end":{"line":0,"column":0},"skip":true},"34":{"start":{"line":0,"column":0},"end":{"line":0,"column":0},"skip":true},"35":{"start":{"line":0,"column":0},"end":{"line":0,"column":0},"skip":true},"36":{"start":{"line":4,"column":0},"end":{"line":4,"column":0}},"37":{"start":{"line":7,"column":2},"end":{"line":4,"column":25}},"38":{"start":{"line":8,"column":2},"end":{"line":4,"column":25}},"39":{"start":{"line":10,"column":2},"end":{"line":4,"column":25}},"40":{"start":{"line":0,"column":0},"end":{"line":0,"column":0},"skip":true},"41":{"start":{"line":14,"column":2},"end":{"line":14,"column":2}},"42":{"start":{"line":0,"column":0},"end":{"line":0,"column":0},"skip":true},"43":{"start":{"line":0,"column":0},"end":{"line":0,"column":0},"skip":true},"44":{"start":{"line":0,"column":0},"end":{"line":0,"column":0},"skip":true},"45":{"start":{"line":0,"column":0},"end":{"line":0,"column":0},"skip":true},"46":{"start":{"line":0,"column":0},"end":{"line":0,"column":0},"skip":true},"47":{"start":{"line":0,"column":0},"end":{"line":0,"column":0},"skip":true},"48":{"start":{"line":17,"column":4},"end":{"line":16,"column":11}},"49":{"start":{"line":18,"column":4},"end":{"line":16,"column":11}},"50":{"start":{"line":19,"column":4},"end":{"line":16,"column":11}},"51":{"start":{"line":20,"column":4},"end":{"line":16,"column":11}},"52":{"start":{"line":22,"column":4},"end":{"line":16,"column":11}},"53":{"start":{"line":0,"column":0},"end":{"line":0,"column":0},"skip":true},"54":{"start":{"line":0,"column":0},"end":{"line":0,"column":0},"skip":true},"55":{"start":{"line":0,"column":0},"end":{"line":0,"column":0},"skip":true},"56":{"start":{"line":30,"column":4},"end":{"line":29,"column":43}},"57":{"start":{"line":36,"column":4},"end":{"line":29,"column":43}},"58":{"start":{"line":38,"column":4},"end":{"line":29,"column":43}},"59":{"start":{"line":0,"column":0},"end":{"line":0,"column":0},"skip":true},"60":{"start":{"line":0,"column":0},"end":{"line":0,"column":0},"skip":true},"61":{"start":{"line":42,"column":4},"end":{"line":41,"column":43}},"62":{"start":{"line":44,"column":4},"end":{"line":44,"column":4}},"63":{"start":{"line":45,"column":6},"end":{"line":44,"column":14}},"64":{"start":{"line":48,"column":4},"end":{"line":41,"column":43}},"65":{"start":{"line":55,"column":4},"end":{"line":54,"column":24}},"66":{"start":{"line":56,"column":4},"end":{"line":56,"column":4}},"67":{"start":{"line":57,"column":6},"end":{"line":56,"column":14}},"68":{"start":{"line":58,"column":6},"end":{"line":56,"column":14}},"69":{"start":{"line":59,"column":8},"end":{"line":58,"column":46}},"70":{"start":{"line":61,"column":6},"end":{"line":61,"column":6}},"71":{"start":{"line":62,"column":8},"end":{"line":61,"column":30}},"72":{"start":{"line":65,"column":4},"end":{"line":54,"column":24}},"73":{"start":{"line":0,"column":0},"end":{"line":0,"column":0},"skip":true},"74":{"start":{"line":0,"column":0},"end":{"line":0,"column":0},"skip":true},"75":{"start":{"line":69,"column":4},"end":{"line":68,"column":35}},"76":{"start":{"line":71,"column":4},"end":{"line":71,"column":4}},"77":{"start":{"line":72,"column":6},"end":{"line":71,"column":22}},"78":{"start":{"line":75,"column":4},"end":{"line":68,"column":35}},"79":{"start":{"line":77,"column":4},"end":{"line":68,"column":35}},"80":{"start":{"line":0,"column":0},"end":{"line":0,"column":0},"skip":true},"81":{"start":{"line":0,"column":0},"end":{"line":0,"column":0},"skip":true},"82":{"start":{"line":0,"column":0},"end":{"line":0,"column":0},"skip":true},"83":{"start":{"line":0,"column":0},"end":{"line":0,"column":0},"skip":true},"84":{"start":{"line":0,"column":0},"end":{"line":0,"column":0},"skip":true},"85":{"start":{"line":0,"column":0},"end":{"line":0,"column":0},"skip":true},"86":{"start":{"line":0,"column":0},"end":{"line":0,"column":0},"skip":true},"87":{"start":{"line":0,"column":0},"end":{"line":0,"column":0},"skip":true},"88":{"start":{"line":85,"column":4},"end":{"line":80,"column":76}},"89":{"start":{"line":89,"column":4},"end":{"line":80,"column":76}},"90":{"start":{"line":94,"column":4},"end":{"line":80,"column":76}},"91":{"start":{"line":103,"column":4},"end":{"line":80,"column":76}},"92":{"start":{"line":0,"column":0},"end":{"line":0,"column":0},"skip":true},"93":{"start":{"line":0,"column":0},"end":{"line":0,"column":0},"skip":true},"94":{"start":{"line":114,"column":4},"end":{"line":113,"column":38}},"95":{"start":{"line":116,"column":8},"end":{"line":115,"column":23}},"96":{"start":{"line":118,"column":8},"end":{"line":115,"column":23}},"97":{"start":{"line":121,"column":8},"end":{"line":121,"column":8}},"98":{"start":{"line":122,"column":10},"end":{"line":121,"column":81}},"99":{"start":{"line":0,"column":0},"end":{"line":0,"column":0},"skip":true},"100":{"start":{"line":124,"column":14},"end":{"line":123,"column":37}},"101":{"start":{"line":126,"column":14},"end":{"line":123,"column":37}},"102":{"start":{"line":130,"column":8},"end":{"line":120,"column":22}},"103":{"start":{"line":133,"column":4},"end":{"line":113,"column":38}},"104":{"start":{"line":0,"column":0},"end":{"line":0,"column":0},"skip":true},"105":{"start":{"line":148,"column":4},"end":{"line":148,"column":4}},"106":{"start":{"line":149,"column":6},"end":{"line":148,"column":35}},"107":{"start":{"line":150,"column":6},"end":{"line":148,"column":35}},"108":{"start":{"line":153,"column":4},"end":{"line":146,"column":37}},"109":{"start":{"line":164,"column":4},"end":{"line":163,"column":24}},"110":{"start":{"line":170,"column":4},"end":{"line":163,"column":24}},"111":{"start":{"line":181,"column":4},"end":{"line":180,"column":27}},"112":{"start":{"line":187,"column":4},"end":{"line":180,"column":27}},"113":{"start":{"line":198,"column":4},"end":{"line":197,"column":23}},"114":{"start":{"line":204,"column":4},"end":{"line":197,"column":23}},"115":{"start":{"line":215,"column":4},"end":{"line":214,"column":22}},"116":{"start":{"line":221,"column":4},"end":{"line":214,"column":22}},"117":{"start":{"line":0,"column":0},"end":{"line":0,"column":0},"skip":true},"118":{"start":{"line":0,"column":0},"end":{"line":0,"column":0},"skip":true}},"branchMap":{"1":{"line":7,"type":"binary-expr","locations":[{"start":{"line":0,"column":0},"end":{"line":0,"column":0},"skip":true},{"start":{"line":0,"column":0},"end":{"line":0,"column":0},"skip":true}]},"2":{"line":7,"type":"if","locations":[{"start":{"line":0,"column":0},"end":{"line":0,"column":0},"skip":true},{"start":{"line":0,"column":0},"end":{"line":0,"column":0},"skip":true}]},"3":{"line":7,"type":"if","locations":[{"start":{"line":0,"column":0},"end":{"line":0,"column":0},"skip":true},{"start":{"line":0,"column":0},"end":{"line":0,"column":0},"skip":true}]},"4":{"line":7,"type":"if","locations":[{"start":{"line":0,"column":0},"end":{"line":0,"column":0},"skip":true},{"start":{"line":0,"column":0},"end":{"line":0,"column":0},"skip":true}]},"5":{"line":17,"type":"if","locations":[{"start":{"line":0,"column":0},"end":{"line":0,"column":0},"skip":true},{"start":{"line":0,"column":0},"end":{"line":0,"column":0},"skip":true}]},"6":{"line":17,"type":"binary-expr","locations":[{"start":{"line":0,"column":0},"end":{"line":0,"column":0},"skip":true},{"start":{"line":0,"column":0},"end":{"line":0,"column":0},"skip":true}]},"7":{"line":17,"type":"if","locations":[{"start":{"line":0,"column":0},"end":{"line":0,"column":0},"skip":true},{"start":{"line":0,"column":0},"end":{"line":0,"column":0},"skip":true}]},"8":{"line":17,"type":"if","locations":[{"start":{"line":0,"column":0},"end":{"line":0,"column":0},"skip":true},{"start":{"line":0,"column":0},"end":{"line":0,"column":0},"skip":true}]},"9":{"line":19,"type":"cond-expr","locations":[{"start":{"line":0,"column":0},"end":{"line":0,"column":0},"skip":true},{"start":{"line":0,"column":0},"end":{"line":0,"column":0},"skip":true}]},"10":{"line":19,"type":"binary-expr","locations":[{"start":{"line":0,"column":0},"end":{"line":0,"column":0},"skip":true},{"start":{"line":0,"column":0},"end":{"line":0,"column":0},"skip":true}]},"11":{"line":21,"type":"if","locations":[{"start":{"line":0,"column":0},"end":{"line":0,"column":0},"skip":true},{"start":{"line":0,"column":0},"end":{"line":0,"column":0},"skip":true}]},"12":{"line":23,"type":"if","locations":[{"start":{"line":4,"column":0},"end":{"line":4,"column":0}},{"start":{"line":4,"column":0},"end":{"line":4,"column":0}}]},"13":{"line":23,"type":"binary-expr","locations":[{"start":{"line":4,"column":4},"end":{"line":4,"column":4}},{"start":{"line":4,"column":12},"end":{"line":4,"column":12}}]},"14":{"line":36,"type":"cond-expr","locations":[{"start":{"line":14,"column":33},"end":{"line":14,"column":33}},{"start":{"line":14,"column":33},"end":{"line":14,"column":33}}]},"15":{"line":38,"type":"cond-expr","locations":[{"start":{"line":14,"column":53},"end":{"line":14,"column":53}},{"start":{"line":14,"column":53},"end":{"line":14,"column":53}}]},"16":{"line":80,"type":"if","locations":[{"start":{"line":44,"column":4},"end":{"line":44,"column":4}},{"start":{"line":44,"column":4},"end":{"line":44,"column":4}}]},"17":{"line":93,"type":"if","locations":[{"start":{"line":56,"column":4},"end":{"line":56,"column":4}},{"start":{"line":56,"column":4},"end":{"line":56,"column":4}}]},"18":{"line":98,"type":"if","locations":[{"start":{"line":61,"column":6},"end":{"line":61,"column":6}},{"start":{"line":61,"column":6},"end":{"line":61,"column":6}}]},"19":{"line":112,"type":"if","locations":[{"start":{"line":71,"column":4},"end":{"line":71,"column":4}},{"start":{"line":71,"column":4},"end":{"line":71,"column":4}}]},"20":{"line":170,"type":"cond-expr","locations":[{"start":{"line":113,"column":32},"end":{"line":113,"column":32}},{"start":{"line":113,"column":32},"end":{"line":113,"column":32}}]},"21":{"line":170,"type":"binary-expr","locations":[{"start":{"line":113,"column":24},"end":{"line":113,"column":24}},{"start":{"line":113,"column":24},"end":{"line":113,"column":24}}]},"22":{"line":177,"type":"if","locations":[{"start":{"line":121,"column":8},"end":{"line":121,"column":8}},{"start":{"line":121,"column":8},"end":{"line":121,"column":8}}]},"23":{"line":177,"type":"binary-expr","locations":[{"start":{"line":121,"column":12},"end":{"line":121,"column":12}},{"start":{"line":121,"column":21},"end":{"line":121,"column":21}},{"start":{"line":121,"column":43},"end":{"line":121,"column":43}}]},"24":{"line":207,"type":"cond-expr","locations":[{"start":{"line":146,"column":31},"end":{"line":146,"column":31}},{"start":{"line":146,"column":31},"end":{"line":146,"column":31}}]},"25":{"line":207,"type":"binary-expr","locations":[{"start":{"line":146,"column":23},"end":{"line":146,"column":23}},{"start":{"line":146,"column":23},"end":{"line":146,"column":23}}]},"26":{"line":210,"type":"if","locations":[{"start":{"line":148,"column":4},"end":{"line":148,"column":4}},{"start":{"line":148,"column":4},"end":{"line":148,"column":4}}]}},"l":{"0":11,"1":1,"2":1,"4":1,"7":0,"8":0,"10":0,"14":1,"17":0,"18":0,"19":0,"20":0,"22":0,"30":0,"36":0,"38":0,"42":0,"44":0,"45":0,"48":0,"55":0,"56":0,"57":0,"58":0,"59":0,"61":0,"62":0,"65":0,"69":0,"71":0,"72":0,"75":0,"77":0,"85":0,"89":0,"94":0,"103":0,"114":0,"116":0,"118":0,"121":0,"122":0,"124":0,"126":0,"130":0,"133":0,"148":0,"149":0,"150":0,"153":0,"164":0,"170":0,"181":0,"187":0,"198":0,"204":0,"215":0,"221":0}}}
