TN:
SF:/Users/ivan.rodriguez/Documents/composr-connector/src/composr-connector.js
FN:9,(anonymous_1)
FN:13,get
FN:23,get
FN:32,get
FN:41,get
FN:50,get
FN:55,_interopRequireDefault
FNF:7
FNH:6
FNDA:5,(anonymous_1)
FNDA:0,get
FNDA:1,get
FNDA:1,get
FNDA:1,get
FNDA:0,get
FNDA:3,_interopRequireDefault
DA:0,3
DA:1,5
LF:2
LH:2
BRDA:10,1,0,0
BRDA:10,1,1,5
BRDA:10,2,0,5
BRDA:10,2,1,5
BRDA:55,3,0,3
BRDA:55,3,1,0
BRDA:55,4,0,3
BRDA:55,4,1,3
BRF:8
BRH:7
end_of_record
TN:
SF:/Users/ivan.rodriguez/Documents/composr-connector/src/utils/utils.js
FN:10,(anonymous_1)
FN:14,get
FN:27,_interopRequireWildcard
FN:29,buildURI
FN:33,checkStatus
FN:35,(anonymous_6)
FN:46,generateUUID
FN:48,(anonymous_8)
FNF:8
FNH:2
FNDA:1,(anonymous_1)
FNDA:0,get
FNDA:1,_interopRequireWildcard
FNDA:0,buildURI
FNDA:0,checkStatus
FNDA:0,(anonymous_6)
FNDA:0,generateUUID
FNDA:0,(anonymous_8)
DA:0,1
DA:1,1
DA:2,1
DA:4,1
DA:5,0
DA:8,1
DA:9,0
DA:10,0
DA:13,0
DA:14,0
DA:15,0
DA:16,0
DA:20,1
DA:21,0
DA:22,0
DA:23,0
DA:24,0
DA:25,0
DA:27,0
LF:19
LH:6
BRDA:11,1,0,0
BRDA:11,1,1,1
BRDA:11,2,0,1
BRDA:11,2,1,1
BRDA:27,3,0,1
BRDA:27,3,1,0
BRDA:27,4,0,1
BRDA:27,4,1,1
BRDA:27,5,0,0
BRDA:27,5,1,0
BRDA:27,6,0,0
BRDA:27,6,1,0
BRDA:34,7,0,0
BRDA:34,7,1,0
BRDA:51,8,0,0
BRDA:51,8,1,0
BRF:16
BRH:11
end_of_record
TN:
SF:/Users/ivan.rodriguez/Documents/composr-connector/src/utils/events.js
FN:13,subscribe
FN:24,remove
FN:29,publish
FN:36,(anonymous_4)
FNF:4
FNH:0
FNDA:0,subscribe
FNDA:0,remove
FNDA:0,publish
FNDA:0,(anonymous_4)
DA:0,1
DA:4,1
DA:5,1
DA:7,1
DA:10,0
DA:11,0
DA:15,0
DA:18,0
DA:20,0
DA:26,0
DA:27,0
DA:31,0
DA:32,0
LF:13
LH:4
BRDA:15,1,0,0
BRDA:15,1,1,0
BRDA:31,2,0,0
BRDA:31,2,1,0
BRDA:37,3,0,0
BRDA:37,3,1,0
BRF:6
BRH:0
end_of_record
TN:
SF:/Users/ivan.rodriguez/Documents/composr-connector/src/utils/jwt.js
FN:13,_interopRequireWildcard
FN:35,generate
FN:49,decode
FN:71,(anonymous_4)
FN:78,_generate
FN:85,(anonymous_6)
FN:108,_generateExp
FNF:7
FNH:1
FNDA:1,_interopRequireWildcard
FNDA:0,generate
FNDA:0,decode
FNDA:0,(anonymous_4)
FNDA:0,_generate
FNDA:0,(anonymous_6)
FNDA:0,_generateExp
DA:0,1
DA:1,1
DA:9,1
DA:10,1
DA:11,1
DA:12,1
DA:23,1
DA:24,0
DA:25,0
DA:27,0
DA:28,0
DA:30,0
DA:31,0
DA:34,0
DA:37,1
DA:38,0
DA:40,0
DA:41,0
DA:43,0
DA:46,0
DA:47,0
DA:49,0
DA:52,0
DA:53,0
DA:56,0
DA:57,0
DA:59,0
DA:60,0
DA:63,0
DA:66,1
DA:67,0
DA:70,0
DA:86,0
DA:87,0
DA:88,0
DA:89,0
DA:93,0
DA:95,0
DA:96,0
DA:99,0
DA:103,0
DA:104,0
DA:105,0
DA:107,0
DA:110,1
DA:111,0
LF:46
LH:10
BRDA:13,1,0,1
BRDA:13,1,1,0
BRDA:13,2,0,1
BRDA:13,2,1,1
BRDA:13,3,0,0
BRDA:13,3,1,0
BRDA:13,4,0,0
BRDA:13,4,1,0
BRDA:36,5,0,0
BRDA:36,5,1,0
BRDA:37,6,0,0
BRDA:37,6,1,0
BRDA:39,7,0,0
BRDA:39,7,1,0
BRDA:42,8,0,0
BRDA:42,8,1,0
BRDA:64,9,0,0
BRDA:64,9,1,0
BRDA:64,10,0,0
BRDA:64,10,1,0
BRDA:68,11,0,0
BRDA:68,11,1,0
BRDA:69,12,0,0
BRDA:69,12,1,0
BRDA:79,13,0,0
BRDA:79,13,1,0
BRDA:86,14,0,0
BRDA:86,14,1,0
BRDA:93,15,0,0
BRDA:93,15,1,0
BRF:30
BRH:8
end_of_record
TN:
SF:/Users/ivan.rodriguez/Documents/composr-connector/src/utils/cryptography.js
FN:49,b64_hmac_sha256
FN:56,rstr_hmac_sha256
FN:76,rstr2b64
FN:98,str2rstr_utf8
FN:122,rstr2binb
FN:134,binb2rstr
FN:144,sha256_S
FN:148,sha256_R
FN:152,sha256_Ch
FN:156,sha256_Maj
FN:160,sha256_Sigma0256
FN:164,sha256_Sigma1256
FN:168,sha256_Gamma0256
FN:172,sha256_Gamma1256
FN:176,binb_sha256
FN:223,safe_add
FN:273,Base64x
FN:283,b64tob64u
FNF:18
FNH:0
FNDA:0,b64_hmac_sha256
FNDA:0,rstr_hmac_sha256
FNDA:0,rstr2b64
FNDA:0,str2rstr_utf8
FNDA:0,rstr2binb
FNDA:0,binb2rstr
FNDA:0,sha256_S
FNDA:0,sha256_R
FNDA:0,sha256_Ch
FNDA:0,sha256_Maj
FNDA:0,sha256_Sigma0256
FNDA:0,sha256_Sigma1256
FNDA:0,sha256_Gamma0256
FNDA:0,sha256_Gamma1256
FNDA:0,binb_sha256
FNDA:0,safe_add
FNDA:0,Base64x
FNDA:0,b64tob64u
DA:0,1
DA:25,1
DA:35,1
DA:36,0
DA:42,1
DA:43,0
DA:44,0
DA:45,0
DA:48,0
DA:50,0
DA:51,0
DA:52,0
DA:55,0
DA:56,0
DA:62,1
DA:63,0
DA:64,0
DA:66,0
DA:68,0
DA:69,0
DA:70,0
DA:71,0
DA:72,0
DA:73,0
DA:74,0
DA:75,0
DA:78,0
DA:85,1
DA:86,0
DA:87,0
DA:88,0
DA:90,0
DA:92,0
DA:93,0
DA:94,0
DA:95,0
DA:96,0
DA:100,0
DA:101,0
DA:102,0
DA:103,0
DA:105,0
DA:106,0
DA:109,0
DA:110,0
DA:115,0
DA:122,1
DA:123,0
DA:124,0
DA:125,0
DA:126,0
DA:127,0
DA:128,0
DA:134,1
DA:135,0
DA:136,0
DA:137,0
DA:138,0
DA:144,1
DA:145,0
DA:148,1
DA:149,0
DA:152,1
DA:153,0
DA:156,1
DA:157,0
DA:160,1
DA:161,0
DA:164,1
DA:165,0
DA:168,1
DA:169,0
DA:172,1
DA:173,0
DA:176,1
DA:177,0
DA:179,0
DA:180,0
DA:181,0
DA:184,0
DA:185,0
DA:187,0
DA:188,0
DA:189,0
DA:190,0
DA:191,0
DA:192,0
DA:193,0
DA:194,0
DA:195,0
DA:197,0
DA:198,0
DA:199,0
DA:202,0
DA:204,0
DA:205,0
DA:206,0
DA:207,0
DA:208,0
DA:209,0
DA:210,0
DA:211,0
DA:212,0
DA:215,0
DA:216,0
DA:217,0
DA:218,0
DA:219,0
DA:220,0
DA:221,0
DA:222,0
DA:224,0
DA:227,1
DA:228,0
DA:229,0
DA:230,0
DA:277,1
DA:287,1
DA:288,0
DA:289,0
DA:290,0
DA:291,0
LF:122
LH:20
BRDA:58,1,0,0
BRDA:58,1,1,0
BRDA:86,2,0,0
BRDA:86,2,1,0
BRDA:86,3,0,0
BRDA:86,3,1,0
BRDA:88,4,0,0
BRDA:88,4,1,0
BRDA:106,5,0,0
BRDA:106,5,1,0
BRDA:107,6,0,0
BRDA:107,6,1,0
BRDA:107,7,0,0
BRDA:107,7,1,0
BRDA:107,7,2,0
BRDA:107,7,3,0
BRDA:113,8,0,0
BRDA:113,8,1,0
BRDA:113,9,0,0
BRDA:113,9,1,0
BRDA:113,10,0,0
BRDA:113,10,1,0
BRDA:113,11,0,0
BRDA:113,11,1,0
BRDA:197,12,0,0
BRDA:197,12,1,0
BRF:26
BRH:0
end_of_record
TN:
SF:/Users/ivan.rodriguez/Documents/composr-connector/src/auth/AuthRequest.js
FN:7,(anonymous_1)
FN:7,defineProperties
FN:7,(anonymous_3)
FN:13,_interopRequireWildcard
FN:15,_classCallCheck
FN:25,(anonymous_6)
FN:26,AuthRequest
FN:49,_createClaims
FN:78,_generateAssertion
FN:94,_authenticate
FN:140,authenticateClient
FN:157,authenticateUser
FN:186,refreshUserToken
FN:211,logoutUser
FNF:14
FNH:14
FNDA:1,(anonymous_1)
FNDA:1,defineProperties
FNDA:1,(anonymous_3)
FNDA:1,_interopRequireWildcard
FNDA:1,_classCallCheck
FNDA:1,(anonymous_6)
FNDA:1,AuthRequest
FNDA:0,_createClaims
FNDA:0,_generateAssertion
FNDA:0,_authenticate
FNDA:0,authenticateClient
FNDA:0,authenticateUser
FNDA:0,refreshUserToken
FNDA:0,logoutUser
DA:0,7
DA:1,1
DA:3,1
DA:6,0
DA:9,0
DA:13,1
DA:15,1
DA:30,0
DA:32,0
DA:38,0
DA:39,0
DA:41,0
DA:52,0
DA:64,0
DA:66,0
DA:67,0
DA:68,0
DA:71,0
DA:76,0
DA:77,0
DA:79,0
DA:81,0
DA:90,0
DA:103,0
DA:105,0
DA:107,0
DA:116,0
DA:117,0
DA:122,0
DA:124,0
DA:126,0
DA:135,0
DA:136,0
DA:140,0
DA:142,0
DA:144,0
DA:151,0
DA:152,0
DA:156,0
DA:158,0
DA:160,0
LF:41
LH:5
BRDA:7,1,0,7
BRDA:7,1,1,7
BRDA:7,2,0,7
BRDA:7,2,1,0
BRDA:7,3,0,1
BRDA:7,3,1,0
BRDA:7,4,0,0
BRDA:7,4,1,1
BRDA:13,5,0,1
BRDA:13,5,1,0
BRDA:13,6,0,1
BRDA:13,6,1,1
BRDA:13,7,0,0
BRDA:13,7,1,0
BRDA:13,8,0,0
BRDA:13,8,1,0
BRDA:15,9,0,0
BRDA:15,9,1,1
BRDA:17,10,0,0
BRDA:17,10,1,1
BRDA:17,11,0,1
BRDA:17,11,1,0
BRDA:161,12,0,0
BRDA:161,12,1,0
BRDA:163,13,0,0
BRDA:163,13,1,0
BRDA:189,14,0,0
BRDA:189,14,1,0
BRDA:191,15,0,0
BRDA:191,15,1,0
BRDA:214,16,0,0
BRDA:214,16,1,0
BRDA:216,17,0,0
BRDA:216,17,1,0
BRF:34
BRH:20
end_of_record
TN:
SF:/Users/ivan.rodriguez/Documents/composr-connector/src/auth/AuthPersist.js
FN:7,(anonymous_1)
FN:7,defineProperties
FN:7,(anonymous_3)
FN:9,_classCallCheck
FN:11,(anonymous_5)
FN:12,AuthPersist
FN:29,_isNode
FN:40,removeItem
FN:46,removeItem
FN:62,_addLocalStorage
FN:82,_addSessionStorage
FN:101,_removeLocalStorage
FN:115,_removeSessionStorage
FN:124,_removeUserCookie
FN:129,_removeUserCookies
FN:145,_getAuthOptionsFromStorage
FN:156,_getUserAccessToken
FN:180,_getUserTokens
FN:198,_getClientAccessToken
FN:218,persistClientToken
FN:240,persistAuthData
FN:268,removeAllUserData
FN:275,getRememberFromStorage
FN:284,getTokensFromStorage
FNF:24
FNH:24
FNDA:1,(anonymous_1)
FNDA:1,defineProperties
FNDA:1,(anonymous_3)
FNDA:1,_classCallCheck
FNDA:1,(anonymous_5)
FNDA:1,AuthPersist
FNDA:1,_isNode
FNDA:5,removeItem
FNDA:5,removeItem
FNDA:1,_addLocalStorage
FNDA:2,_addSessionStorage
FNDA:1,_removeLocalStorage
FNDA:1,_removeSessionStorage
FNDA:0,_removeUserCookie
FNDA:1,_removeUserCookies
FNDA:2,_getAuthOptionsFromStorage
FNDA:2,_getUserAccessToken
FNDA:2,_getUserTokens
FNDA:2,_getClientAccessToken
FNDA:1,persistClientToken
FNDA:2,persistAuthData
FNDA:1,removeAllUserData
FNDA:1,getRememberFromStorage
FNDA:2,getTokensFromStorage
DA:0,16
DA:2,1
DA:3,1
DA:4,1
DA:5,1
DA:6,1
DA:14,1
DA:16,1
DA:17,0
DA:18,0
DA:20,0
DA:23,1
DA:25,5
DA:29,1
DA:31,5
DA:35,1
DA:44,1
DA:45,1
DA:46,1
DA:48,1
DA:49,1
DA:51,1
DA:52,1
DA:63,2
DA:64,1
DA:66,2
DA:67,2
DA:69,2
DA:70,2
DA:71,2
DA:79,1
DA:81,1
DA:82,5
DA:90,1
DA:92,1
DA:93,5
DA:98,0
DA:110,1
DA:111,0
DA:112,0
DA:117,2
DA:119,2
DA:120,2
DA:122,1
DA:124,2
DA:128,2
DA:133,2
DA:138,2
DA:140,2
DA:141,1
DA:142,1
DA:145,1
DA:147,1
DA:150,2
DA:151,2
DA:157,2
DA:163,2
DA:167,2
DA:168,2
DA:170,2
DA:186,1
DA:188,1
DA:189,1
DA:191,1
DA:202,2
DA:210,2
DA:211,1
DA:212,1
DA:217,1
DA:220,2
DA:226,2
DA:228,2
DA:232,1
DA:233,1
DA:234,1
DA:238,1
DA:241,1
DA:243,1
DA:247,2
DA:252,2
DA:254,2
LF:81
LH:75
BRDA:7,1,0,16
BRDA:7,1,1,16
BRDA:7,2,0,16
BRDA:7,2,1,0
BRDA:7,3,0,1
BRDA:7,3,1,0
BRDA:7,4,0,0
BRDA:7,4,1,1
BRDA:9,5,0,0
BRDA:9,5,1,1
BRDA:13,6,0,1
BRDA:13,6,1,0
BRDA:13,7,0,1
BRDA:13,7,1,0
BRDA:32,8,0,0
BRDA:32,8,1,1
BRDA:63,9,0,1
BRDA:63,9,1,0
BRDA:67,10,0,1
BRDA:67,10,1,0
BRDA:84,11,0,1
BRDA:84,11,1,1
BRDA:87,12,0,2
BRDA:87,12,1,0
BRDA:146,13,0,2
BRDA:146,13,1,1
BRDA:169,14,0,1
BRDA:169,14,1,1
BRDA:169,15,0,2
BRDA:169,15,1,1
BRDA:170,16,0,0
BRDA:170,16,1,1
BRDA:174,17,0,1
BRDA:174,17,1,0
BRDA:181,18,0,2
BRDA:181,18,1,1
BRDA:247,19,0,1
BRDA:247,19,1,1
BRDA:276,20,0,1
BRDA:276,20,1,1
BRF:40
BRH:32
end_of_record
TN:
SF:/Users/ivan.rodriguez/Documents/composr-connector/src/auth/AuthConnector.js
FN:7,(anonymous_1)
FN:7,defineProperties
FN:7,(anonymous_3)
FN:21,_interopRequireWildcard
FN:23,_interopRequireDefault
FN:25,_classCallCheck
FN:27,(anonymous_7)
FN:28,AuthConnector
FN:56,_setAuthentication
FN:67,_validateAccessToken
FN:100,_validateClientAccessToken
FN:116,_parseTokenObject
FN:133,_executePromiseCb
FN:164,_publishEvent
FN:165,(anonymous_15)
FN:170,(anonymous_16)
FN:190,init
FN:194,(anonymous_18)
FN:196,(anonymous_19)
FN:209,authValidation
FN:222,(anonymous_21)
FN:224,(anonymous_22)
FN:241,getCurrentToken
FN:246,(anonymous_24)
FN:252,(anonymous_25)
FN:253,(anonymous_26)
FN:269,loginClient
FN:282,(anonymous_28)
FN:301,loginUser
FN:320,(anonymous_30)
FN:343,refreshUserToken
FN:360,(anonymous_32)
FN:380,logoutUser
FNF:33
FNH:20
FNDA:1,(anonymous_1)
FNDA:1,defineProperties
FNDA:1,(anonymous_3)
FNDA:1,_interopRequireWildcard
FNDA:2,_interopRequireDefault
FNDA:0,_classCallCheck
FNDA:1,(anonymous_7)
FNDA:0,AuthConnector
FNDA:0,_setAuthentication
FNDA:0,_validateAccessToken
FNDA:0,_validateClientAccessToken
FNDA:0,_parseTokenObject
FNDA:0,_executePromiseCb
FNDA:0,_publishEvent
FNDA:0,(anonymous_15)
FNDA:0,(anonymous_16)
FNDA:0,init
FNDA:0,(anonymous_18)
FNDA:0,(anonymous_19)
FNDA:0,authValidation
FNDA:0,(anonymous_21)
FNDA:0,(anonymous_22)
FNDA:0,getCurrentToken
FNDA:0,(anonymous_24)
FNDA:0,(anonymous_25)
FNDA:0,(anonymous_26)
FNDA:0,loginClient
FNDA:0,(anonymous_28)
FNDA:0,loginUser
FNDA:0,(anonymous_30)
FNDA:0,refreshUserToken
FNDA:0,(anonymous_32)
FNDA:0,logoutUser
DA:0,13
DA:1,1
DA:2,1
DA:3,1
DA:6,1
DA:7,0
DA:8,0
DA:9,0
DA:10,0
DA:21,0
DA:22,0
DA:28,0
DA:29,0
DA:31,0
DA:32,0
DA:34,0
DA:36,0
DA:39,0
DA:41,0
DA:43,0
DA:46,0
DA:56,0
DA:61,0
DA:72,0
DA:73,0
DA:76,0
DA:87,0
DA:89,0
DA:90,0
DA:93,0
DA:94,0
DA:96,0
DA:97,0
DA:100,0
DA:101,0
DA:104,0
DA:116,0
DA:118,0
DA:124,0
DA:140,0
DA:141,0
DA:142,0
DA:143,0
DA:144,0
DA:152,0
DA:153,0
DA:155,0
DA:156,0
DA:159,0
DA:161,0
DA:163,0
DA:164,0
DA:165,0
DA:167,0
DA:169,0
DA:177,0
DA:178,0
DA:180,0
DA:182,0
DA:183,0
DA:184,0
DA:186,0
DA:189,0
DA:191,0
DA:194,0
DA:202,0
DA:203,0
DA:204,0
DA:205,0
DA:208,0
DA:209,0
DA:213,0
DA:216,0
DA:217,0
DA:220,0
DA:221,0
DA:223,0
DA:231,0
DA:234,0
DA:243,0
DA:244,0
DA:245,0
DA:246,0
DA:248,0
DA:251,0
DA:252,0
DA:254,0
DA:262,0
DA:263,0
DA:265,0
DA:268,0
DA:275,0
DA:276,0
DA:278,0
DA:281,0
DA:282,0
DA:284,0
DA:291,0
DA:292,0
DA:294,0
DA:297,0
DA:303,0
DA:304,0
DA:305,0
DA:307,0
LF:105
LH:5
BRDA:7,1,0,13
BRDA:7,1,1,13
BRDA:7,2,0,13
BRDA:7,2,1,0
BRDA:7,3,0,1
BRDA:7,3,1,0
BRDA:7,4,0,0
BRDA:7,4,1,1
BRDA:21,5,0,1
BRDA:21,5,1,0
BRDA:21,6,0,1
BRDA:21,6,1,1
BRDA:21,7,0,0
BRDA:21,7,1,0
BRDA:21,8,0,0
BRDA:21,8,1,0
BRDA:23,9,0,2
BRDA:23,9,1,0
BRDA:23,10,0,2
BRDA:23,10,1,2
BRDA:25,11,0,0
BRDA:25,11,1,0
BRDA:30,12,0,0
BRDA:30,12,1,0
BRDA:33,13,0,0
BRDA:33,13,1,0
BRDA:35,14,0,0
BRDA:35,14,1,0
BRDA:74,15,0,0
BRDA:74,15,1,0
BRDA:74,15,2,0
BRDA:77,16,0,0
BRDA:77,16,1,0
BRDA:82,17,0,0
BRDA:82,17,1,0
BRDA:102,18,0,0
BRDA:102,18,1,0
BRDA:102,18,2,0
BRDA:102,18,3,0
BRDA:104,19,0,0
BRDA:104,19,1,0
BRDA:117,20,0,0
BRDA:117,20,1,0
BRDA:137,21,0,0
BRDA:137,21,1,0
BRDA:144,22,0,0
BRDA:144,22,1,0
BRDA:148,23,0,0
BRDA:148,23,1,0
BRDA:214,24,0,0
BRDA:214,24,1,0
BRDA:214,25,0,0
BRDA:214,25,1,0
BRDA:248,26,0,0
BRDA:248,26,1,0
BRDA:248,27,0,0
BRDA:248,27,1,0
BRDA:277,28,0,0
BRDA:277,28,1,0
BRDA:309,29,0,0
BRDA:309,29,1,0
BRDA:311,30,0,0
BRDA:311,30,1,0
BRDA:322,31,0,0
BRDA:322,31,1,0
BRDA:351,32,0,0
BRDA:351,32,1,0
BRDA:353,33,0,0
BRDA:353,33,1,0
BRDA:386,34,0,0
BRDA:386,34,1,0
BRDA:388,35,0,0
BRDA:388,35,1,0
BRF:73
BRH:22
end_of_record
TN:
SF:/Users/ivan.rodriguez/Documents/composr-connector/src/connect/Connect.js
FN:7,(anonymous_1)
FN:7,defineProperties
FN:7,(anonymous_3)
FN:17,_interopRequireWildcard
FN:19,_interopRequireDefault
FN:21,_classCallCheck
FN:32,(anonymous_7)
FN:33,Connect
FN:60,_buildHeaders
FN:76,_buildRequestParams
FN:93,_buildQueryPath
FN:97,(anonymous_12)
FN:108,_buildUrl
FN:124,_buildRequest
FN:161,_createRetryRequests
FN:174,requestsCallback
FN:202,_retry
FN:214,(anonymous_18)
FN:218,(anonymous_19)
FN:220,(anonymous_20)
FN:236,_request
FN:241,(anonymous_22)
FN:245,(anonymous_23)
FN:269,request
FN:291,get
FN:311,_delete
FN:331,post
FN:351,put
FNF:28
FNH:20
FNDA:1,(anonymous_1)
FNDA:1,defineProperties
FNDA:1,(anonymous_3)
FNDA:1,_interopRequireWildcard
FNDA:1,_interopRequireDefault
FNDA:0,_classCallCheck
FNDA:1,(anonymous_7)
FNDA:0,Connect
FNDA:0,_buildHeaders
FNDA:0,_buildRequestParams
FNDA:0,_buildQueryPath
FNDA:0,(anonymous_12)
FNDA:0,_buildUrl
FNDA:0,_buildRequest
FNDA:0,_createRetryRequests
FNDA:0,requestsCallback
FNDA:0,_retry
FNDA:0,(anonymous_18)
FNDA:0,(anonymous_19)
FNDA:0,(anonymous_20)
FNDA:0,_request
FNDA:0,(anonymous_22)
FNDA:0,(anonymous_23)
FNDA:0,request
FNDA:0,get
FNDA:0,_delete
FNDA:0,post
FNDA:0,put
DA:0,13
DA:1,1
DA:2,1
DA:4,1
DA:7,0
DA:8,0
DA:10,0
DA:14,1
DA:16,0
DA:17,0
DA:18,0
DA:19,0
DA:20,0
DA:22,0
DA:24,0
DA:31,0
DA:32,0
DA:38,0
DA:40,0
DA:43,0
DA:44,0
DA:46,0
DA:47,0
DA:50,0
DA:57,0
DA:58,0
DA:59,0
DA:60,0
DA:61,0
DA:63,0
DA:64,0
DA:67,0
DA:70,0
DA:71,0
DA:73,0
DA:74,0
DA:77,0
DA:79,0
DA:82,0
DA:87,0
DA:91,0
DA:96,0
DA:105,0
DA:109,0
DA:111,0
DA:112,0
DA:113,0
DA:115,0
DA:116,0
DA:117,0
DA:118,0
DA:120,0
DA:121,0
DA:134,0
DA:135,0
DA:136,0
DA:138,0
DA:141,0
DA:143,0
DA:147,0
DA:148,0
DA:150,0
DA:151,0
DA:154,0
DA:156,0
DA:157,0
DA:158,0
DA:160,0
DA:161,0
DA:162,0
DA:164,0
DA:173,0
DA:174,0
DA:176,0
DA:178,0
DA:181,0
DA:182,0
DA:185,0
DA:188,0
DA:201,0
DA:203,0
DA:204,0
DA:205,0
DA:208,0
DA:219,0
DA:225,0
DA:236,0
DA:242,0
DA:253,0
DA:259,0
DA:270,0
DA:276,0
LF:92
LH:5
BRDA:7,1,0,13
BRDA:7,1,1,13
BRDA:7,2,0,13
BRDA:7,2,1,0
BRDA:7,3,0,1
BRDA:7,3,1,0
BRDA:7,4,0,0
BRDA:7,4,1,1
BRDA:17,5,0,1
BRDA:17,5,1,0
BRDA:17,6,0,1
BRDA:17,6,1,1
BRDA:17,7,0,0
BRDA:17,7,1,0
BRDA:17,8,0,0
BRDA:17,8,1,0
BRDA:19,9,0,1
BRDA:19,9,1,0
BRDA:19,10,0,1
BRDA:19,10,1,1
BRDA:21,11,0,0
BRDA:21,11,1,0
BRDA:23,12,0,0
BRDA:23,12,1,1
BRDA:23,13,0,1
BRDA:23,13,1,0
BRDA:36,14,0,0
BRDA:36,14,1,0
BRDA:38,15,0,0
BRDA:38,15,1,0
BRDA:82,16,0,0
BRDA:82,16,1,0
BRDA:95,17,0,0
BRDA:95,17,1,0
BRDA:100,18,0,0
BRDA:100,18,1,0
BRDA:114,19,0,0
BRDA:114,19,1,0
BRDA:168,20,0,0
BRDA:168,20,1,0
BRDA:207,21,0,0
BRDA:207,21,1,0
BRDA:239,22,0,0
BRDA:239,22,1,0
BRDA:239,23,0,0
BRDA:239,23,1,0
BRDA:246,24,0,0
BRDA:246,24,1,0
BRDA:246,25,0,0
BRDA:246,25,1,0
BRDA:246,25,2,0
BRDA:270,26,0,0
BRDA:270,26,1,0
BRDA:270,27,0,0
BRDA:270,27,1,0
BRDA:273,28,0,0
BRDA:273,28,1,0
BRF:57
BRH:24
end_of_record
