TN:
SF:/home/ivan-rodriguez/Documentos/composr-connector/src/composr-connector.js
FN:9,(anonymous_1)
FN:13,get
FN:23,get
FN:32,get
FN:41,get
FN:50,get
FN:55,_interopRequireDefault
FNF:7
FNH:7
FNDA:4,(anonymous_1)
FNDA:0,get
FNDA:1,get
FNDA:1,get
FNDA:1,get
FNDA:0,get
FNDA:3,_interopRequireDefault
DA:0,4
LF:1
LH:1
BRDA:10,1,0,0
BRDA:10,1,1,4
BRDA:55,2,0,3
BRDA:55,2,1,0
BRDA:55,3,0,3
BRDA:55,3,1,3
BRF:6
BRH:6
end_of_record
TN:
SF:/home/ivan-rodriguez/Documentos/composr-connector/src/utils/utils.js
FN:15,_interopRequireWildcard
FN:17,buildURI
FN:21,checkStatus
FN:32,generateUUID
FN:34,(anonymous_5)
FNF:5
FNH:1
FNDA:1,_interopRequireWildcard
FNDA:0,buildURI
FNDA:0,checkStatus
FNDA:0,generateUUID
FNDA:0,(anonymous_5)
DA:0,1
DA:1,1
DA:3,1
DA:4,0
DA:7,1
DA:8,0
DA:9,0
DA:12,0
DA:13,0
DA:14,0
DA:15,0
DA:19,1
DA:20,0
DA:21,0
DA:22,0
DA:23,0
DA:24,0
DA:26,0
LF:18
LH:5
BRDA:15,1,0,1
BRDA:15,1,1,0
BRDA:15,2,0,1
BRDA:15,2,1,1
BRDA:15,3,0,0
BRDA:15,3,1,0
BRDA:15,4,0,0
BRDA:15,4,1,0
BRDA:22,5,0,0
BRDA:22,5,1,0
BRDA:37,6,0,0
BRDA:37,6,1,0
BRF:12
BRH:8
end_of_record
TN:
SF:/home/ivan-rodriguez/Documentos/composr-connector/src/utils/jwt.js
FN:13,_interopRequireWildcard
FN:35,generate
FN:49,decode
FN:71,(anonymous_4)
FN:78,_generate
FN:85,(anonymous_6)
FN:108,_generateExp
FNF:7
FNH:1
FNDA:1,_interopRequireWildcard
FNDA:0,generate
FNDA:0,decode
FNDA:0,(anonymous_4)
FNDA:0,_generate
FNDA:0,(anonymous_6)
FNDA:0,_generateExp
DA:0,1
DA:1,1
DA:9,1
DA:10,1
DA:11,1
DA:12,1
DA:23,1
DA:24,0
DA:25,0
DA:27,0
DA:28,0
DA:30,0
DA:31,0
DA:34,0
DA:37,1
DA:38,0
DA:40,0
DA:41,0
DA:43,0
DA:46,0
DA:47,0
DA:49,0
DA:52,0
DA:53,0
DA:56,0
DA:57,0
DA:59,0
DA:60,0
DA:63,0
DA:66,1
DA:67,0
DA:86,0
DA:87,0
DA:88,0
DA:89,0
DA:93,0
DA:95,0
DA:96,0
DA:99,0
DA:103,0
DA:104,0
DA:105,0
DA:107,0
DA:110,1
DA:111,0
LF:45
LH:10
BRDA:13,1,0,1
BRDA:13,1,1,0
BRDA:13,2,0,1
BRDA:13,2,1,1
BRDA:13,3,0,0
BRDA:13,3,1,0
BRDA:13,4,0,0
BRDA:13,4,1,0
BRDA:36,5,0,0
BRDA:36,5,1,0
BRDA:37,6,0,0
BRDA:37,6,1,0
BRDA:39,7,0,0
BRDA:39,7,1,0
BRDA:42,8,0,0
BRDA:42,8,1,0
BRDA:64,9,0,0
BRDA:64,9,1,0
BRDA:64,10,0,0
BRDA:64,10,1,0
BRDA:68,11,0,0
BRDA:68,11,1,0
BRDA:69,12,0,0
BRDA:69,12,1,0
BRDA:79,13,0,0
BRDA:79,13,1,0
BRDA:86,14,0,0
BRDA:86,14,1,0
BRDA:93,15,0,0
BRDA:93,15,1,0
BRF:30
BRH:8
end_of_record
TN:
SF:/home/ivan-rodriguez/Documentos/composr-connector/src/utils/cryptography.js
FN:49,b64_hmac_sha256
FN:56,rstr_hmac_sha256
FN:76,rstr2b64
FN:98,str2rstr_utf8
FN:122,rstr2binb
FN:134,binb2rstr
FN:144,sha256_S
FN:148,sha256_R
FN:152,sha256_Ch
FN:156,sha256_Maj
FN:160,sha256_Sigma0256
FN:164,sha256_Sigma1256
FN:168,sha256_Gamma0256
FN:172,sha256_Gamma1256
FN:176,binb_sha256
FN:223,safe_add
FN:273,Base64x
FN:283,b64tob64u
FNF:18
FNH:0
FNDA:0,b64_hmac_sha256
FNDA:0,rstr_hmac_sha256
FNDA:0,rstr2b64
FNDA:0,str2rstr_utf8
FNDA:0,rstr2binb
FNDA:0,binb2rstr
FNDA:0,sha256_S
FNDA:0,sha256_R
FNDA:0,sha256_Ch
FNDA:0,sha256_Maj
FNDA:0,sha256_Sigma0256
FNDA:0,sha256_Sigma1256
FNDA:0,sha256_Gamma0256
FNDA:0,sha256_Gamma1256
FNDA:0,binb_sha256
FNDA:0,safe_add
FNDA:0,Base64x
FNDA:0,b64tob64u
DA:0,1
DA:20,1
DA:21,1
DA:25,1
DA:35,1
DA:36,0
DA:42,1
DA:43,0
DA:44,0
DA:45,0
DA:48,0
DA:50,0
DA:51,0
DA:52,0
DA:55,0
DA:56,0
DA:62,1
DA:63,0
DA:64,0
DA:66,0
DA:68,0
DA:69,0
DA:70,0
DA:71,0
DA:72,0
DA:73,0
DA:74,0
DA:75,0
DA:78,0
DA:85,1
DA:86,0
DA:87,0
DA:88,0
DA:90,0
DA:92,0
DA:93,0
DA:94,0
DA:95,0
DA:96,0
DA:101,0
DA:102,0
DA:103,0
DA:105,0
DA:106,0
DA:109,0
DA:110,0
DA:115,0
DA:122,1
DA:123,0
DA:124,0
DA:125,0
DA:126,0
DA:127,0
DA:134,1
DA:135,0
DA:136,0
DA:137,0
DA:144,1
DA:145,0
DA:148,1
DA:149,0
DA:152,1
DA:153,0
DA:156,1
DA:157,0
DA:160,1
DA:161,0
DA:164,1
DA:165,0
DA:168,1
DA:169,0
DA:172,1
DA:173,0
DA:176,1
DA:177,0
DA:179,0
DA:180,0
DA:181,0
DA:185,0
DA:187,0
DA:188,0
DA:189,0
DA:190,0
DA:191,0
DA:192,0
DA:193,0
DA:194,0
DA:195,0
DA:197,0
DA:198,0
DA:199,0
DA:202,0
DA:204,0
DA:205,0
DA:206,0
DA:207,0
DA:208,0
DA:209,0
DA:210,0
DA:211,0
DA:212,0
DA:215,0
DA:216,0
DA:217,0
DA:218,0
DA:219,0
DA:220,0
DA:221,0
DA:222,0
DA:224,0
DA:227,1
DA:228,0
DA:229,0
DA:230,0
DA:277,1
DA:287,1
DA:288,0
DA:289,0
DA:290,0
DA:291,0
LF:120
LH:22
BRDA:58,1,0,0
BRDA:58,1,1,0
BRDA:86,2,0,0
BRDA:86,2,1,0
BRDA:86,3,0,0
BRDA:86,3,1,0
BRDA:88,4,0,0
BRDA:88,4,1,0
BRDA:106,5,0,0
BRDA:106,5,1,0
BRDA:107,6,0,0
BRDA:107,6,1,0
BRDA:107,7,0,0
BRDA:107,7,1,0
BRDA:107,7,2,0
BRDA:107,7,3,0
BRDA:113,8,0,0
BRDA:113,8,1,0
BRDA:113,9,0,0
BRDA:113,9,1,0
BRDA:113,10,0,0
BRDA:113,10,1,0
BRDA:113,11,0,0
BRDA:113,11,1,0
BRDA:197,12,0,0
BRDA:197,12,1,0
BRF:26
BRH:0
end_of_record
TN:
SF:/home/ivan-rodriguez/Documentos/composr-connector/src/auth/AuthRequest.js
FN:7,(anonymous_1)
FN:7,defineProperties
FN:7,(anonymous_3)
FN:13,_interopRequireWildcard
FN:15,_classCallCheck
FN:25,(anonymous_6)
FN:26,AuthRequest
FN:49,_createClaims
FN:78,_generateAssertion
FN:94,_authenticate
FN:140,authenticateClient
FN:157,authenticateUser
FN:186,refreshUserToken
FN:211,logoutUser
FNF:14
FNH:14
FNDA:1,(anonymous_1)
FNDA:1,defineProperties
FNDA:1,(anonymous_3)
FNDA:1,_interopRequireWildcard
FNDA:1,_classCallCheck
FNDA:1,(anonymous_6)
FNDA:1,AuthRequest
FNDA:0,_createClaims
FNDA:0,_generateAssertion
FNDA:0,_authenticate
FNDA:0,authenticateClient
FNDA:0,authenticateUser
FNDA:0,refreshUserToken
FNDA:0,logoutUser
DA:0,7
DA:1,1
DA:3,1
DA:6,0
DA:9,0
DA:13,1
DA:15,1
DA:32,0
DA:38,0
DA:39,0
DA:41,0
DA:52,0
DA:66,0
DA:67,0
DA:68,0
DA:71,0
DA:76,0
DA:77,0
DA:79,0
DA:81,0
DA:90,0
DA:103,0
DA:105,0
DA:107,0
DA:117,0
DA:122,0
DA:124,0
DA:126,0
DA:136,0
DA:140,0
DA:142,0
DA:144,0
DA:152,0
DA:156,0
DA:158,0
DA:160,0
LF:36
LH:5
BRDA:7,1,0,7
BRDA:7,1,1,7
BRDA:7,2,0,7
BRDA:7,2,1,0
BRDA:7,3,0,1
BRDA:7,3,1,0
BRDA:7,4,0,0
BRDA:7,4,1,1
BRDA:13,5,0,1
BRDA:13,5,1,0
BRDA:13,6,0,1
BRDA:13,6,1,1
BRDA:13,7,0,0
BRDA:13,7,1,0
BRDA:13,8,0,0
BRDA:13,8,1,0
BRDA:15,9,0,0
BRDA:15,9,1,1
BRDA:17,10,0,0
BRDA:17,10,1,1
BRDA:17,11,0,1
BRDA:17,11,1,0
BRDA:161,12,0,0
BRDA:161,12,1,0
BRDA:163,13,0,0
BRDA:163,13,1,0
BRDA:189,14,0,0
BRDA:189,14,1,0
BRDA:191,15,0,0
BRDA:191,15,1,0
BRDA:214,16,0,0
BRDA:214,16,1,0
BRDA:216,17,0,0
BRDA:216,17,1,0
BRF:34
BRH:20
end_of_record
TN:
SF:/home/ivan-rodriguez/Documentos/composr-connector/src/auth/AuthPersist.js
FN:7,(anonymous_1)
FN:7,defineProperties
FN:7,(anonymous_3)
FN:9,_classCallCheck
FN:11,(anonymous_5)
FN:12,AuthPersist
FN:29,_isNode
FN:40,removeItem
FN:46,removeItem
FN:62,_addLocalStorage
FN:82,_addSessionStorage
FN:101,_removeLocalStorage
FN:115,_removeSessionStorage
FN:124,_removeUserCookie
FN:129,_removeUserCookies
FN:157,_getAuthOptionsFromStorage
FN:168,_getUserAccessToken
FN:192,_getUserTokens
FN:210,_getClientAccessToken
FN:230,persistClientToken
FN:252,persistAuthData
FN:280,removeAllUserData
FN:287,getRememberFromStorage
FN:296,getTokensFromStorage
FNF:24
FNH:24
FNDA:1,(anonymous_1)
FNDA:1,defineProperties
FNDA:1,(anonymous_3)
FNDA:1,_classCallCheck
FNDA:1,(anonymous_5)
FNDA:1,AuthPersist
FNDA:1,_isNode
FNDA:5,removeItem
FNDA:5,removeItem
FNDA:1,_addLocalStorage
FNDA:2,_addSessionStorage
FNDA:1,_removeLocalStorage
FNDA:1,_removeSessionStorage
FNDA:0,_removeUserCookie
FNDA:1,_removeUserCookies
FNDA:2,_getAuthOptionsFromStorage
FNDA:2,_getUserAccessToken
FNDA:2,_getUserTokens
FNDA:2,_getClientAccessToken
FNDA:1,persistClientToken
FNDA:2,persistAuthData
FNDA:1,removeAllUserData
FNDA:1,getRememberFromStorage
FNDA:2,getTokensFromStorage
DA:0,16
DA:2,1
DA:3,1
DA:4,1
DA:5,1
DA:6,1
DA:14,1
DA:16,1
DA:17,0
DA:18,0
DA:20,0
DA:23,1
DA:25,5
DA:29,1
DA:31,5
DA:35,1
DA:44,1
DA:45,1
DA:46,1
DA:48,1
DA:49,1
DA:51,1
DA:52,1
DA:63,2
DA:64,1
DA:66,2
DA:67,2
DA:69,2
DA:70,2
DA:71,2
DA:79,1
DA:80,1
DA:81,1
DA:82,1
DA:83,1
DA:90,1
DA:91,1
DA:92,1
DA:93,1
DA:94,1
DA:98,0
DA:102,1
DA:103,0
DA:108,2
DA:110,2
DA:111,2
DA:113,1
DA:115,2
DA:119,2
DA:124,2
DA:129,2
DA:131,2
DA:132,1
DA:133,1
DA:136,1
DA:138,1
DA:142,2
DA:148,2
DA:154,2
DA:158,2
DA:159,2
DA:161,2
DA:179,1
DA:180,1
DA:182,1
DA:201,2
DA:202,1
DA:203,1
DA:208,1
DA:211,2
DA:217,2
DA:219,2
DA:223,1
DA:224,1
DA:225,1
DA:229,1
DA:232,1
DA:234,1
DA:238,2
DA:243,2
DA:245,2
LF:81
LH:76
BRDA:7,1,0,16
BRDA:7,1,1,16
BRDA:7,2,0,16
BRDA:7,2,1,0
BRDA:7,3,0,1
BRDA:7,3,1,0
BRDA:7,4,0,0
BRDA:7,4,1,1
BRDA:9,5,0,0
BRDA:9,5,1,1
BRDA:13,6,0,1
BRDA:13,6,1,0
BRDA:13,7,0,1
BRDA:13,7,1,0
BRDA:32,8,0,0
BRDA:32,8,1,1
BRDA:63,9,0,1
BRDA:63,9,1,0
BRDA:67,10,0,1
BRDA:67,10,1,0
BRDA:84,11,0,1
BRDA:84,11,1,1
BRDA:87,12,0,2
BRDA:87,12,1,0
BRDA:145,13,0,0
BRDA:145,13,1,1
BRDA:145,14,0,1
BRDA:145,14,1,0
BRDA:149,15,0,0
BRDA:149,15,1,1
BRDA:158,16,0,2
BRDA:158,16,1,1
BRDA:181,17,0,1
BRDA:181,17,1,1
BRDA:181,18,0,2
BRDA:181,18,1,1
BRDA:182,19,0,0
BRDA:182,19,1,1
BRDA:186,20,0,1
BRDA:186,20,1,0
BRDA:193,21,0,2
BRDA:193,21,1,1
BRDA:259,22,0,1
BRDA:259,22,1,1
BRDA:288,23,0,1
BRDA:288,23,1,1
BRF:46
BRH:38
end_of_record
TN:
SF:/home/ivan-rodriguez/Documentos/composr-connector/src/auth/AuthConnector.js
FN:7,(anonymous_1)
FN:7,defineProperties
FN:7,(anonymous_3)
FN:21,_interopRequireWildcard
FN:23,_interopRequireDefault
FN:25,_classCallCheck
FN:27,(anonymous_7)
FN:28,AuthConnector
FN:57,_validateAccessToken
FN:90,_validateClientAccessToken
FN:98,_parseTokenObject
FN:107,_executePromiseCb
FN:138,init
FN:142,(anonymous_14)
FN:144,(anonymous_15)
FN:157,authValidation
FN:170,(anonymous_17)
FN:172,(anonymous_18)
FN:189,getCurrentToken
FN:194,(anonymous_20)
FN:200,(anonymous_21)
FN:201,(anonymous_22)
FN:217,loginClient
FN:230,(anonymous_24)
FN:249,loginUser
FN:270,(anonymous_26)
FN:291,refreshUserToken
FN:310,(anonymous_28)
FN:328,logoutUser
FNF:29
FNH:18
FNDA:1,(anonymous_1)
FNDA:1,defineProperties
FNDA:1,(anonymous_3)
FNDA:1,_interopRequireWildcard
FNDA:2,_interopRequireDefault
FNDA:0,_classCallCheck
FNDA:1,(anonymous_7)
FNDA:0,AuthConnector
FNDA:0,_validateAccessToken
FNDA:0,_validateClientAccessToken
FNDA:0,_parseTokenObject
FNDA:0,_executePromiseCb
FNDA:0,init
FNDA:0,(anonymous_14)
FNDA:0,(anonymous_15)
FNDA:0,authValidation
FNDA:0,(anonymous_17)
FNDA:0,(anonymous_18)
FNDA:0,getCurrentToken
FNDA:0,(anonymous_20)
FNDA:0,(anonymous_21)
FNDA:0,(anonymous_22)
FNDA:0,loginClient
FNDA:0,(anonymous_24)
FNDA:0,loginUser
FNDA:0,(anonymous_26)
FNDA:0,refreshUserToken
FNDA:0,(anonymous_28)
FNDA:0,logoutUser
DA:0,11
DA:1,1
DA:2,1
DA:3,1
DA:6,1
DA:7,0
DA:8,0
DA:9,0
DA:11,0
DA:22,0
DA:24,0
DA:25,0
DA:27,0
DA:29,0
DA:32,0
DA:34,0
DA:36,0
DA:39,0
DA:49,0
DA:54,0
DA:59,0
DA:60,0
DA:63,0
DA:67,0
DA:68,0
DA:71,0
DA:72,0
DA:74,0
DA:75,0
DA:78,0
DA:79,0
DA:82,0
DA:97,0
DA:98,0
DA:108,0
DA:109,0
DA:112,0
DA:115,0
DA:117,0
DA:119,0
DA:123,0
DA:125,0
DA:134,0
DA:136,0
DA:138,0
DA:139,0
DA:140,0
DA:142,0
DA:145,0
DA:150,0
DA:158,0
DA:159,0
DA:160,0
DA:161,0
DA:165,0
DA:172,0
DA:173,0
DA:176,0
DA:177,0
DA:179,0
DA:190,0
DA:198,0
DA:201,0
DA:202,0
DA:203,0
DA:204,0
DA:207,0
DA:208,0
DA:210,0
DA:219,0
DA:221,0
DA:224,0
DA:231,0
DA:233,0
DA:234,0
DA:237,0
DA:238,0
DA:240,0
DA:248,0
DA:250,0
DA:253,0
DA:259,0
DA:260,0
DA:261,0
DA:263,0
LF:85
LH:5
BRDA:7,1,0,11
BRDA:7,1,1,11
BRDA:7,2,0,11
BRDA:7,2,1,0
BRDA:7,3,0,1
BRDA:7,3,1,0
BRDA:7,4,0,0
BRDA:7,4,1,1
BRDA:21,5,0,1
BRDA:21,5,1,0
BRDA:21,6,0,1
BRDA:21,6,1,1
BRDA:21,7,0,0
BRDA:21,7,1,0
BRDA:21,8,0,0
BRDA:21,8,1,0
BRDA:23,9,0,2
BRDA:23,9,1,0
BRDA:23,10,0,2
BRDA:23,10,1,2
BRDA:25,11,0,0
BRDA:25,11,1,0
BRDA:30,12,0,0
BRDA:30,12,1,0
BRDA:33,13,0,0
BRDA:33,13,1,0
BRDA:35,14,0,0
BRDA:35,14,1,0
BRDA:64,15,0,0
BRDA:64,15,1,0
BRDA:64,15,2,0
BRDA:67,16,0,0
BRDA:67,16,1,0
BRDA:72,17,0,0
BRDA:72,17,1,0
BRDA:92,18,0,0
BRDA:92,18,1,0
BRDA:92,18,2,0
BRDA:92,18,3,0
BRDA:94,19,0,0
BRDA:94,19,1,0
BRDA:99,20,0,0
BRDA:99,20,1,0
BRDA:108,21,0,0
BRDA:108,21,1,0
BRDA:115,22,0,0
BRDA:115,22,1,0
BRDA:119,23,0,0
BRDA:119,23,1,0
BRDA:162,24,0,0
BRDA:162,24,1,0
BRDA:162,25,0,0
BRDA:162,25,1,0
BRDA:196,26,0,0
BRDA:196,26,1,0
BRDA:196,27,0,0
BRDA:196,27,1,0
BRDA:225,28,0,0
BRDA:225,28,1,0
BRDA:257,29,0,0
BRDA:257,29,1,0
BRDA:259,30,0,0
BRDA:259,30,1,0
BRDA:272,31,0,0
BRDA:272,31,1,0
BRDA:299,32,0,0
BRDA:299,32,1,0
BRDA:301,33,0,0
BRDA:301,33,1,0
BRDA:334,34,0,0
BRDA:334,34,1,0
BRDA:336,35,0,0
BRDA:336,35,1,0
BRF:73
BRH:22
end_of_record
TN:
SF:/home/ivan-rodriguez/Documentos/composr-connector/src/connect/Connect.js
FN:7,(anonymous_1)
FN:7,defineProperties
FN:7,(anonymous_3)
FN:17,_interopRequireWildcard
FN:19,_interopRequireDefault
FN:21,_classCallCheck
FN:32,(anonymous_7)
FN:33,Connect
FN:58,_buildHeaders
FN:74,_buildRequestParams
FN:91,_buildQueryPath
FN:95,(anonymous_12)
FN:106,_buildUrl
FN:122,_buildRequest
FN:167,_request
FN:172,(anonymous_16)
FN:176,(anonymous_17)
FN:178,(anonymous_18)
FN:206,request
FN:228,get
FN:248,_delete
FN:268,post
FN:288,put
FNF:23
FNH:18
FNDA:1,(anonymous_1)
FNDA:1,defineProperties
FNDA:1,(anonymous_3)
FNDA:1,_interopRequireWildcard
FNDA:1,_interopRequireDefault
FNDA:0,_classCallCheck
FNDA:1,(anonymous_7)
FNDA:0,Connect
FNDA:0,_buildHeaders
FNDA:0,_buildRequestParams
FNDA:0,_buildQueryPath
FNDA:0,(anonymous_12)
FNDA:0,_buildUrl
FNDA:0,_buildRequest
FNDA:0,_request
FNDA:0,(anonymous_16)
FNDA:0,(anonymous_17)
FNDA:0,(anonymous_18)
FNDA:0,request
FNDA:0,get
FNDA:0,_delete
FNDA:0,post
FNDA:0,put
DA:0,11
DA:1,1
DA:2,1
DA:4,1
DA:7,0
DA:8,0
DA:10,0
DA:14,1
DA:17,0
DA:18,0
DA:19,0
DA:20,0
DA:22,0
DA:30,0
DA:36,0
DA:38,0
DA:42,0
DA:44,0
DA:45,0
DA:48,0
DA:55,0
DA:56,0
DA:57,0
DA:58,0
DA:59,0
DA:61,0
DA:62,0
DA:65,0
DA:69,0
DA:71,0
DA:72,0
DA:75,0
DA:77,0
DA:85,0
DA:89,0
DA:94,0
DA:103,0
DA:114,0
DA:116,0
DA:118,0
DA:121,0
DA:122,0
DA:124,0
DA:126,0
DA:130,0
DA:133,0
DA:148,0
DA:149,0
DA:150,0
DA:153,0
DA:164,0
DA:170,0
DA:181,0
DA:187,0
DA:198,0
DA:204,0
DA:215,0
DA:221,0
LF:58
LH:5
BRDA:7,1,0,11
BRDA:7,1,1,11
BRDA:7,2,0,11
BRDA:7,2,1,0
BRDA:7,3,0,1
BRDA:7,3,1,0
BRDA:7,4,0,0
BRDA:7,4,1,1
BRDA:17,5,0,1
BRDA:17,5,1,0
BRDA:17,6,0,1
BRDA:17,6,1,1
BRDA:17,7,0,0
BRDA:17,7,1,0
BRDA:17,8,0,0
BRDA:17,8,1,0
BRDA:19,9,0,1
BRDA:19,9,1,0
BRDA:19,10,0,1
BRDA:19,10,1,1
BRDA:21,11,0,0
BRDA:21,11,1,0
BRDA:23,12,0,0
BRDA:23,12,1,1
BRDA:23,13,0,1
BRDA:23,13,1,0
BRDA:36,14,0,0
BRDA:36,14,1,0
BRDA:38,15,0,0
BRDA:38,15,1,0
BRDA:80,16,0,0
BRDA:80,16,1,0
BRDA:93,17,0,0
BRDA:93,17,1,0
BRDA:98,18,0,0
BRDA:98,18,1,0
BRDA:112,19,0,0
BRDA:112,19,1,0
BRDA:170,20,0,0
BRDA:170,20,1,0
BRDA:170,21,0,0
BRDA:170,21,1,0
BRDA:177,22,0,0
BRDA:177,22,1,0
BRDA:177,23,0,0
BRDA:177,23,1,0
BRDA:177,23,2,0
BRDA:207,24,0,0
BRDA:207,24,1,0
BRDA:207,25,0,0
BRDA:207,25,1,0
BRDA:210,26,0,0
BRDA:210,26,1,0
BRF:53
BRH:24
end_of_record
